<?xml version="1.0" encoding="UTF-8"?>
<!-- Generated by org.testng.reporters.JUnitXMLReporter -->
<testsuite hostname="SHVLSP1388F1D" ignored="0" name="Default test" tests="1" failures="1" timestamp="07 Feb 2018 13:26:08 GMT" time="0.021" errors="0">
  <testcase name="getBGDetailsFromExcelandEnterData" time="0.0" classname="com.aia.join.qa.testcases.BackGroundPageTest">
    <failure type="org.testng.TestNGException" message="
Method public void com.aia.join.qa.testcases.BackGroundPageTest.getBGDetailsFromExcelandEnterData(java.lang.String,java.lang.String,java.lang.String,java.lang.String) requires a @DataProvider named : getBGData">
      <![CDATA[org.testng.TestNGException: Method public void com.aia.join.qa.testcases.BackGroundPageTest.getBGDetailsFromExcelandEnterData(java.lang.String,java.lang.String,java.lang.String,java.lang.String) requires a @DataProvider named : getBGDataat org.testng.internal.Parameters.findDataProvider(Parameters.java:513)at org.testng.internal.Parameters.handleParameters(Parameters.java:691)at org.testng.internal.ParameterHandler.handleParameters(ParameterHandler.java:49)at org.testng.internal.ParameterHandler.createParameters(ParameterHandler.java:37)at org.testng.internal.Invoker.invokeTestMethods(Invoker.java:914)at org.testng.internal.TestMethodWorker.invokeTestMethods(TestMethodWorker.java:125)at org.testng.internal.TestMethodWorker.run(TestMethodWorker.java:109)at org.testng.TestRunner.privateRun(TestRunner.java:648)at org.testng.TestRunner.run(TestRunner.java:505)at org.testng.SuiteRunner.runTest(SuiteRunner.java:455)at org.testng.SuiteRunner.runSequentially(SuiteRunner.java:450)at org.testng.SuiteRunner.privateRun(SuiteRunner.java:415)at org.testng.SuiteRunner.run(SuiteRunner.java:364)at org.testng.SuiteRunnerWorker.runSuite(SuiteRunnerWorker.java:52)at org.testng.SuiteRunnerWorker.run(SuiteRunnerWorker.java:84)at org.testng.TestNG.runSuitesSequentially(TestNG.java:1187)at org.testng.TestNG.runSuitesLocally(TestNG.java:1116)at org.testng.TestNG.runSuites(TestNG.java:1028)at org.testng.TestNG.run(TestNG.java:996)at org.testng.remote.AbstractRemoteTestNG.run(AbstractRemoteTestNG.java:132)at org.testng.remote.RemoteTestNG.initAndRun(RemoteTestNG.java:230)at org.testng.remote.RemoteTestNG.main(RemoteTestNG.java:76)]]>
    </failure>
  </testcase> <!-- getBGDetailsFromExcelandEnterData -->
</testsuite> <!-- Default test -->
