<?xml version="1.0" encoding="UTF-8"?>
<testng-results skipped="0" failed="0" ignored="0" total="1" passed="1">
  <reporter-output>
  </reporter-output>
  <suite name="Command line suite" duration-ms="87324" started-at="2018-02-05T12:26:34Z" finished-at="2018-02-05T12:28:01Z">
    <groups>
    </groups>
    <test name="Command line test" duration-ms="87324" started-at="2018-02-05T12:26:34Z" finished-at="2018-02-05T12:28:01Z">
      <class name="com.aia.join.qa.testcases.PersonalAndContactInformationPageTest">
        <test-method status="PASS" signature="setUp()[pri:0, instance:com.aia.join.qa.testcases.PersonalAndContactInformationPageTest@1e67b872]" name="setUp" is-config="true" duration-ms="63421" started-at="2018-02-05T17:56:34Z" finished-at="2018-02-05T17:57:38Z">
          <reporter-output>
          </reporter-output>
        </test-method> <!-- setUp -->
        <test-method status="PASS" signature="getPCDetailsFromExcelandEnterData(java.lang.String, java.lang.String, java.lang.String, java.lang.String, java.lang.String, java.lang.String, java.lang.String, java.lang.String, java.lang.String, java.lang.String, java.lang.String, java.lang.String, java.lang.String, java.lang.String, java.lang.String, java.lang.String, java.lang.String, java.lang.String, java.lang.String, java.lang.String)[pri:1, instance:com.aia.join.qa.testcases.PersonalAndContactInformationPageTest@1e67b872]" name="getPCDetailsFromExcelandEnterData" duration-ms="23360" started-at="2018-02-05T17:57:38Z" data-provider="getPCData" finished-at="2018-02-05T17:58:01Z">
          <params>
            <param index="0">
              <value>
                <![CDATA[Mr.]]>
              </value>
            </param>
            <param index="1">
              <value>
                <![CDATA[Sadhvi]]>
              </value>
            </param>
            <param index="2">
              <value>
                <![CDATA[N]]>
              </value>
            </param>
            <param index="3">
              <value>
                <![CDATA[Aitha]]>
              </value>
            </param>
            <param index="4">
              <value>
                <![CDATA[II]]>
              </value>
            </param>
            <param index="5">
              <value>
                <![CDATA[mobile]]>
              </value>
            </param>
            <param index="6">
              <value>
                <![CDATA[UNITED STATES]]>
              </value>
            </param>
            <param index="7">
              <value>
                <![CDATA[123456789]]>
              </value>
            </param>
            <param index="8">
              <value>
                <![CDATA[home]]>
              </value>
            </param>
            <param index="9">
              <value>
                <![CDATA[home]]>
              </value>
            </param>
            <param index="10">
              <value>
                <![CDATA[home]]>
              </value>
            </param>
            <param index="11">
              <value>
                <![CDATA[UNITED STATES]]>
              </value>
            </param>
            <param index="12">
              <value>
                <![CDATA[addone]]>
              </value>
            </param>
            <param index="13">
              <value>
                <![CDATA[addtwo]]>
              </value>
            </param>
            <param index="14">
              <value>
                <![CDATA[newyork]]>
              </value>
            </param>
            <param index="15">
              <value>
                <![CDATA[alabama]]>
              </value>
            </param>
            <param index="16">
              <value>
                <![CDATA[12345]]>
              </value>
            </param>
            <param index="17">
              <value>
                <![CDATA[TRUE]]>
              </value>
            </param>
            <param index="18">
              <value>
                <![CDATA[123.0]]>
              </value>
            </param>
            <param index="19">
              <value>
                <![CDATA[FALSE]]>
              </value>
            </param>
          </params>
          <reporter-output>
          </reporter-output>
        </test-method> <!-- getPCDetailsFromExcelandEnterData -->
      </class> <!-- com.aia.join.qa.testcases.PersonalAndContactInformationPageTest -->
    </test> <!-- Command line test -->
  </suite> <!-- Command line suite -->
</testng-results>
