<?xml version="1.0" encoding="UTF-8"?>
<testng-results skipped="0" failed="2" ignored="0" total="3" passed="1">
  <reporter-output>
  </reporter-output>
  <suite name="Command line suite" duration-ms="3729302" started-at="2018-02-13T06:56:29Z" finished-at="2018-02-13T07:58:38Z">
    <groups>
    </groups>
    <test name="Command line test" duration-ms="3729302" started-at="2018-02-13T06:56:29Z" finished-at="2018-02-13T07:58:38Z">
      <class name="com.aia.join.qa.testcases.PaymentInfoPageTest">
        <test-method status="PASS" signature="setup()[pri:0, instance:com.aia.join.qa.testcases.PaymentInfoPageTest@3f2a3a5]" name="setup" is-config="true" duration-ms="33118" started-at="2018-02-13T12:26:29Z" finished-at="2018-02-13T12:27:02Z">
          <reporter-output>
          </reporter-output>
        </test-method> <!-- setup -->
        <test-method status="PASS" signature="getPCDetailsFromExcelandEnterData(java.lang.String, java.lang.String, java.lang.String, java.lang.String, java.lang.String, java.lang.String, java.lang.String, java.lang.String, java.lang.String, java.lang.String, java.lang.String, java.lang.String, java.lang.String, java.lang.String, java.lang.String, java.lang.String, java.lang.String, java.lang.String, java.lang.String, java.lang.String)[pri:1, instance:com.aia.join.qa.testcases.PaymentInfoPageTest@3f2a3a5]" name="getPCDetailsFromExcelandEnterData" duration-ms="17389" started-at="2018-02-13T12:27:03Z" data-provider="getPCData" finished-at="2018-02-13T12:27:21Z">
          <params>
            <param index="0">
              <value>
                <![CDATA[Mr.]]>
              </value>
            </param>
            <param index="1">
              <value>
                <![CDATA[Sadhvi]]>
              </value>
            </param>
            <param index="2">
              <value>
                <![CDATA[N]]>
              </value>
            </param>
            <param index="3">
              <value>
                <![CDATA[Aitha]]>
              </value>
            </param>
            <param index="4">
              <value>
                <![CDATA[II]]>
              </value>
            </param>
            <param index="5">
              <value>
                <![CDATA[mobile]]>
              </value>
            </param>
            <param index="6">
              <value>
                <![CDATA[UNITED STATES]]>
              </value>
            </param>
            <param index="7">
              <value>
                <![CDATA[123456789]]>
              </value>
            </param>
            <param index="8">
              <value>
                <![CDATA[home]]>
              </value>
            </param>
            <param index="9">
              <value>
                <![CDATA[home]]>
              </value>
            </param>
            <param index="10">
              <value>
                <![CDATA[home]]>
              </value>
            </param>
            <param index="11">
              <value>
                <![CDATA[UNITED STATES]]>
              </value>
            </param>
            <param index="12">
              <value>
                <![CDATA[addone]]>
              </value>
            </param>
            <param index="13">
              <value>
                <![CDATA[addtwo]]>
              </value>
            </param>
            <param index="14">
              <value>
                <![CDATA[newyork]]>
              </value>
            </param>
            <param index="15">
              <value>
                <![CDATA[alabama]]>
              </value>
            </param>
            <param index="16">
              <value>
                <![CDATA[12345]]>
              </value>
            </param>
            <param index="17">
              <value>
                <![CDATA[TRUE()]]>
              </value>
            </param>
            <param index="18">
              <value>
                <![CDATA[123.0]]>
              </value>
            </param>
            <param index="19">
              <value>
                <![CDATA[FALSE()]]>
              </value>
            </param>
          </params>
          <reporter-output>
          </reporter-output>
        </test-method> <!-- getPCDetailsFromExcelandEnterData -->
        <test-method status="FAIL" signature="getBGDetailsFromExcelandEnterData(java.lang.String, java.lang.String, java.lang.String, java.lang.String)[pri:2, instance:com.aia.join.qa.testcases.PaymentInfoPageTest@3f2a3a5]" name="getBGDetailsFromExcelandEnterData" duration-ms="32789" started-at="2018-02-13T12:27:21Z" data-provider="getBGData" finished-at="2018-02-13T12:27:53Z">
          <params>
            <param index="0">
              <value>
                <![CDATA[Alaska]]>
              </value>
            </param>
            <param index="1">
              <value>
                <![CDATA[123456.0]]>
              </value>
            </param>
            <param index="2">
              <value>
                <![CDATA[5232000.0]]>
              </value>
            </param>
            <param index="3">
              <value>
                <![CDATA[4222019.0]]>
              </value>
            </param>
          </params>
          <exception class="org.openqa.selenium.NoSuchElementException">
            <message>
              <![CDATA[no such element: Unable to locate element: {"method":"xpath","selector":"//label[@for='licenseState']/../div/span[contains(text(),'Select')]"}  (Session info: chrome=63.0.3239.132)  (Driver info: chromedriver=2.35.528161 (5b82f2d2aae0ca24b877009200ced9065a772e73),platform=Windows NT 6.1.7601 SP1 x86_64) (WARNING: The server did not provide any stacktrace information)Command duration or timeout: 0 millisecondsFor documentation on this error, please visit: http://seleniumhq.org/exceptions/no_such_element.htmlBuild info: version: '3.7.1', revision: '8a0099a', time: '2017-11-06T21:01:39.354Z'System info: host: 'SHVLSP1388F1D', ip: '172.22.107.5', os.name: 'Windows 7', os.arch: 'amd64', os.version: '6.1', java.version: '1.8.0_72'Driver info: org.openqa.selenium.chrome.ChromeDriverCapabilities {acceptInsecureCerts: false, acceptSslCerts: false, applicationCacheEnabled: false, browserConnectionEnabled: false, browserName: chrome, chrome: {chromedriverVersion: 2.35.528161 (5b82f2d2aae0ca..., userDataDir: C:\Users\SURESH~1.TAD\AppDa...}, cssSelectorsEnabled: true, databaseEnabled: false, handlesAlerts: true, hasTouchScreen: false, javascriptEnabled: true, locationContextEnabled: true, mobileEmulationEnabled: false, nativeEvents: true, networkConnectionEnabled: false, pageLoadStrategy: normal, platform: XP, platformName: XP, rotatable: false, setWindowRect: true, takesHeapSnapshot: true, takesScreenshot: true, unexpectedAlertBehaviour: , unhandledPromptBehavior: , version: 63.0.3239.132, webStorageEnabled: true}Session ID: c149beb5ef30fd6a2edb49cabe5a9ebb*** Element info: {Using=xpath, value=//label[@for='licenseState']/../div/span[contains(text(),'Select')]}]]>
            </message>
            <full-stacktrace>
              <![CDATA[org.openqa.selenium.NoSuchElementException: no such element: Unable to locate element: {"method":"xpath","selector":"//label[@for='licenseState']/../div/span[contains(text(),'Select')]"}  (Session info: chrome=63.0.3239.132)  (Driver info: chromedriver=2.35.528161 (5b82f2d2aae0ca24b877009200ced9065a772e73),platform=Windows NT 6.1.7601 SP1 x86_64) (WARNING: The server did not provide any stacktrace information)Command duration or timeout: 0 millisecondsFor documentation on this error, please visit: http://seleniumhq.org/exceptions/no_such_element.htmlBuild info: version: '3.7.1', revision: '8a0099a', time: '2017-11-06T21:01:39.354Z'System info: host: 'SHVLSP1388F1D', ip: '172.22.107.5', os.name: 'Windows 7', os.arch: 'amd64', os.version: '6.1', java.version: '1.8.0_72'Driver info: org.openqa.selenium.chrome.ChromeDriverCapabilities {acceptInsecureCerts: false, acceptSslCerts: false, applicationCacheEnabled: false, browserConnectionEnabled: false, browserName: chrome, chrome: {chromedriverVersion: 2.35.528161 (5b82f2d2aae0ca..., userDataDir: C:\Users\SURESH~1.TAD\AppDa...}, cssSelectorsEnabled: true, databaseEnabled: false, handlesAlerts: true, hasTouchScreen: false, javascriptEnabled: true, locationContextEnabled: true, mobileEmulationEnabled: false, nativeEvents: true, networkConnectionEnabled: false, pageLoadStrategy: normal, platform: XP, platformName: XP, rotatable: false, setWindowRect: true, takesHeapSnapshot: true, takesScreenshot: true, unexpectedAlertBehaviour: , unhandledPromptBehavior: , version: 63.0.3239.132, webStorageEnabled: true}Session ID: c149beb5ef30fd6a2edb49cabe5a9ebb*** Element info: {Using=xpath, value=//label[@for='licenseState']/../div/span[contains(text(),'Select')]}at sun.reflect.NativeConstructorAccessorImpl.newInstance0(Native Method)at sun.reflect.NativeConstructorAccessorImpl.newInstance(NativeConstructorAccessorImpl.java:62)at sun.reflect.DelegatingConstructorAccessorImpl.newInstance(DelegatingConstructorAccessorImpl.java:45)at java.lang.reflect.Constructor.newInstance(Constructor.java:423)at org.openqa.selenium.remote.ErrorHandler.createThrowable(ErrorHandler.java:214)at org.openqa.selenium.remote.ErrorHandler.throwIfResponseFailed(ErrorHandler.java:166)at org.openqa.selenium.remote.http.JsonHttpResponseCodec.reconstructValue(JsonHttpResponseCodec.java:40)at org.openqa.selenium.remote.http.AbstractHttpResponseCodec.decode(AbstractHttpResponseCodec.java:80)at org.openqa.selenium.remote.http.AbstractHttpResponseCodec.decode(AbstractHttpResponseCodec.java:44)at org.openqa.selenium.remote.HttpCommandExecutor.execute(HttpCommandExecutor.java:164)at org.openqa.selenium.remote.service.DriverCommandExecutor.execute(DriverCommandExecutor.java:83)at org.openqa.selenium.remote.RemoteWebDriver.execute(RemoteWebDriver.java:600)at org.openqa.selenium.remote.RemoteWebDriver.findElement(RemoteWebDriver.java:370)at org.openqa.selenium.remote.RemoteWebDriver.findElementByXPath(RemoteWebDriver.java:472)at org.openqa.selenium.By$ByXPath.findElement(By.java:361)at org.openqa.selenium.remote.RemoteWebDriver.findElement(RemoteWebDriver.java:362)at sun.reflect.GeneratedMethodAccessor3.invoke(Unknown Source)at sun.reflect.DelegatingMethodAccessorImpl.invoke(DelegatingMethodAccessorImpl.java:43)at java.lang.reflect.Method.invoke(Method.java:498)at org.openqa.selenium.support.events.EventFiringWebDriver$2.invoke(EventFiringWebDriver.java:109)at com.sun.proxy.$Proxy5.findElement(Unknown Source)at org.openqa.selenium.support.events.EventFiringWebDriver.findElement(EventFiringWebDriver.java:193)at org.openqa.selenium.support.pagefactory.DefaultElementLocator.findElement(DefaultElementLocator.java:69)at org.openqa.selenium.support.pagefactory.internal.LocatingElementHandler.invoke(LocatingElementHandler.java:38)at com.sun.proxy.$Proxy9.click(Unknown Source)at com.aia.join.qa.pages.BackGroundPage.enterLicenseInfo(BackGroundPage.java:105)at com.aia.join.qa.testcases.PaymentInfoPageTest.getBGDetailsFromExcelandEnterData(PaymentInfoPageTest.java:118)at sun.reflect.NativeMethodAccessorImpl.invoke0(Native Method)at sun.reflect.NativeMethodAccessorImpl.invoke(NativeMethodAccessorImpl.java:62)at sun.reflect.DelegatingMethodAccessorImpl.invoke(DelegatingMethodAccessorImpl.java:43)at java.lang.reflect.Method.invoke(Method.java:498)at org.testng.internal.MethodInvocationHelper.invokeMethod(MethodInvocationHelper.java:124)at org.testng.internal.Invoker.invokeMethod(Invoker.java:571)at org.testng.internal.Invoker.invokeTestMethod(Invoker.java:707)at org.testng.internal.Invoker.invokeTestMethods(Invoker.java:979)at org.testng.internal.TestMethodWorker.invokeTestMethods(TestMethodWorker.java:125)at org.testng.internal.TestMethodWorker.run(TestMethodWorker.java:109)at org.testng.TestRunner.privateRun(TestRunner.java:648)at org.testng.TestRunner.run(TestRunner.java:505)at org.testng.SuiteRunner.runTest(SuiteRunner.java:455)at org.testng.SuiteRunner.runSequentially(SuiteRunner.java:450)at org.testng.SuiteRunner.privateRun(SuiteRunner.java:415)at org.testng.SuiteRunner.run(SuiteRunner.java:364)at org.testng.SuiteRunnerWorker.runSuite(SuiteRunnerWorker.java:52)at org.testng.SuiteRunnerWorker.run(SuiteRunnerWorker.java:84)at org.testng.TestNG.runSuitesSequentially(TestNG.java:1187)at org.testng.TestNG.runSuitesLocally(TestNG.java:1116)at org.testng.TestNG.runSuites(TestNG.java:1028)at org.testng.TestNG.run(TestNG.java:996)at org.apache.maven.surefire.testng.TestNGExecutor.run(TestNGExecutor.java:77)at org.apache.maven.surefire.testng.TestNGDirectoryTestSuite.executeMulti(TestNGDirectoryTestSuite.java:159)at org.apache.maven.surefire.testng.TestNGDirectoryTestSuite.execute(TestNGDirectoryTestSuite.java:99)at org.apache.maven.surefire.testng.TestNGProvider.invoke(TestNGProvider.java:106)at sun.reflect.NativeMethodAccessorImpl.invoke0(Native Method)at sun.reflect.NativeMethodAccessorImpl.invoke(NativeMethodAccessorImpl.java:62)at sun.reflect.DelegatingMethodAccessorImpl.invoke(DelegatingMethodAccessorImpl.java:43)at java.lang.reflect.Method.invoke(Method.java:498)at org.apache.maven.surefire.util.ReflectionUtils.invokeMethodWithArray(ReflectionUtils.java:189)at org.apache.maven.surefire.booter.ProviderFactory$ProviderProxy.invoke(ProviderFactory.java:165)at org.apache.maven.surefire.booter.ProviderFactory.invokeProvider(ProviderFactory.java:85)at org.apache.maven.surefire.booter.ForkedBooter.runSuitesInProcess(ForkedBooter.java:115)at org.apache.maven.surefire.booter.ForkedBooter.main(ForkedBooter.java:75)]]>
            </full-stacktrace>
          </exception> <!-- org.openqa.selenium.NoSuchElementException -->
          <reporter-output>
          </reporter-output>
        </test-method> <!-- getBGDetailsFromExcelandEnterData -->
        <test-method status="FAIL" signature="getPaymentDetailsFromExcelandEnterData(java.lang.String, java.lang.String, java.lang.String)[pri:3, instance:com.aia.join.qa.testcases.PaymentInfoPageTest@3f2a3a5]" name="getPaymentDetailsFromExcelandEnterData" duration-ms="3644616" started-at="2018-02-13T12:27:53Z" data-provider="getPaymentData" finished-at="2018-02-13T13:28:38Z">
          <params>
            <param index="0">
              <value>
                <![CDATA[test test]]>
              </value>
            </param>
            <param index="1">
              <value>
                <![CDATA[4.111111111111111E+15]]>
              </value>
            </param>
            <param index="2">
              <value>
                <![CDATA[123.0]]>
              </value>
            </param>
          </params>
          <exception class="java.lang.StackOverflowError">
            <full-stacktrace>
              <![CDATA[java.lang.StackOverflowErrorat java.lang.Exception.<init>(Exception.java:102)at java.lang.ReflectiveOperationException.<init>(ReflectiveOperationException.java:89)at java.lang.reflect.InvocationTargetException.<init>(InvocationTargetException.java:72)at sun.reflect.GeneratedMethodAccessor12.invoke(Unknown Source)at sun.reflect.DelegatingMethodAccessorImpl.invoke(DelegatingMethodAccessorImpl.java:43)at java.lang.reflect.Method.invoke(Method.java:498)at org.openqa.selenium.support.events.EventFiringWebDriver$2.invoke(EventFiringWebDriver.java:109)at com.sun.proxy.$Proxy5.getScreenshotAs(Unknown Source)at org.openqa.selenium.support.events.EventFiringWebDriver.getScreenshotAs(EventFiringWebDriver.java:292)at com.aia.join.qa.util.TestUtil.takeScreenshotAtEndOfTest(TestUtil.java:65)at com.aia.join.qa.util.WebEventListener.onException(WebEventListener.java:118)at sun.reflect.GeneratedMethodAccessor11.invoke(Unknown Source)at sun.reflect.DelegatingMethodAccessorImpl.invoke(DelegatingMethodAccessorImpl.java:43)at java.lang.reflect.Method.invoke(Method.java:498)at org.openqa.selenium.support.events.EventFiringWebDriver$1.invoke(EventFiringWebDriver.java:86)at com.sun.proxy.$Proxy4.onException(Unknown Source)at org.openqa.selenium.support.events.EventFiringWebDriver$2.invoke(EventFiringWebDriver.java:111)at com.sun.proxy.$Proxy5.getScreenshotAs(Unknown Source)at org.openqa.selenium.support.events.EventFiringWebDriver.getScreenshotAs(EventFiringWebDriver.java:292)at com.aia.join.qa.util.TestUtil.takeScreenshotAtEndOfTest(TestUtil.java:65)at com.aia.join.qa.util.WebEventListener.onException(WebEventListener.java:118)at sun.reflect.GeneratedMethodAccessor11.invoke(Unknown Source)at sun.reflect.DelegatingMethodAccessorImpl.invoke(DelegatingMethodAccessorImpl.java:43)at java.lang.reflect.Method.invoke(Method.java:498)at org.openqa.selenium.support.events.EventFiringWebDriver$1.invoke(EventFiringWebDriver.java:86)at com.sun.proxy.$Proxy4.onException(Unknown Source)at org.openqa.selenium.support.events.EventFiringWebDriver$2.invoke(EventFiringWebDriver.java:111)at com.sun.proxy.$Proxy5.getScreenshotAs(Unknown Source)at org.openqa.selenium.support.events.EventFiringWebDriver.getScreenshotAs(EventFiringWebDriver.java:292)at com.aia.join.qa.util.TestUtil.takeScreenshotAtEndOfTest(TestUtil.java:65)at com.aia.join.qa.util.WebEventListener.onException(WebEventListener.java:118)at sun.reflect.GeneratedMethodAccessor11.invoke(Unknown Source)at sun.reflect.DelegatingMethodAccessorImpl.invoke(DelegatingMethodAccessorImpl.java:43)at java.lang.reflect.Method.invoke(Method.java:498)at org.openqa.selenium.support.events.EventFiringWebDriver$1.invoke(EventFiringWebDriver.java:86)at com.sun.proxy.$Proxy4.onException(Unknown Source)at org.openqa.selenium.support.events.EventFiringWebDriver$2.invoke(EventFiringWebDriver.java:111)at com.sun.proxy.$Proxy5.getScreenshotAs(Unknown Source)at org.openqa.selenium.support.events.EventFiringWebDriver.getScreenshotAs(EventFiringWebDriver.java:292)at com.aia.join.qa.util.TestUtil.takeScreenshotAtEndOfTest(TestUtil.java:65)at com.aia.join.qa.util.WebEventListener.onException(WebEventListener.java:118)at sun.reflect.GeneratedMethodAccessor11.invoke(Unknown Source)at sun.reflect.DelegatingMethodAccessorImpl.invoke(DelegatingMethodAccessorImpl.java:43)at java.lang.reflect.Method.invoke(Method.java:498)at org.openqa.selenium.support.events.EventFiringWebDriver$1.invoke(EventFiringWebDriver.java:86)at com.sun.proxy.$Proxy4.onException(Unknown Source)at org.openqa.selenium.support.events.EventFiringWebDriver$2.invoke(EventFiringWebDriver.java:111)at com.sun.proxy.$Proxy5.getScreenshotAs(Unknown Source)at org.openqa.selenium.support.events.EventFiringWebDriver.getScreenshotAs(EventFiringWebDriver.java:292)at com.aia.join.qa.util.TestUtil.takeScreenshotAtEndOfTest(TestUtil.java:65)at com.aia.join.qa.util.WebEventListener.onException(WebEventListener.java:118)at sun.reflect.GeneratedMethodAccessor11.invoke(Unknown Source)at sun.reflect.DelegatingMethodAccessorImpl.invoke(DelegatingMethodAccessorImpl.java:43)at java.lang.reflect.Method.invoke(Method.java:498)at org.openqa.selenium.support.events.EventFiringWebDriver$1.invoke(EventFiringWebDriver.java:86)at com.sun.proxy.$Proxy4.onException(Unknown Source)at org.openqa.selenium.support.events.EventFiringWebDriver$2.invoke(EventFiringWebDriver.java:111)at com.sun.proxy.$Proxy5.getScreenshotAs(Unknown Source)at org.openqa.selenium.support.events.EventFiringWebDriver.getScreenshotAs(EventFiringWebDriver.java:292)at com.aia.join.qa.util.TestUtil.takeScreenshotAtEndOfTest(TestUtil.java:65)at com.aia.join.qa.util.WebEventListener.onException(WebEventListener.java:118)at sun.reflect.GeneratedMethodAccessor11.invoke(Unknown Source)at sun.reflect.DelegatingMethodAccessorImpl.invoke(DelegatingMethodAccessorImpl.java:43)at java.lang.reflect.Method.invoke(Method.java:498)at org.openqa.selenium.support.events.EventFiringWebDriver$1.invoke(EventFiringWebDriver.java:86)at com.sun.proxy.$Proxy4.onException(Unknown Source)at org.openqa.selenium.support.events.EventFiringWebDriver$2.invoke(EventFiringWebDriver.java:111)at com.sun.proxy.$Proxy5.getScreenshotAs(Unknown Source)at org.openqa.selenium.support.events.EventFiringWebDriver.getScreenshotAs(EventFiringWebDriver.java:292)at com.aia.join.qa.util.TestUtil.takeScreenshotAtEndOfTest(TestUtil.java:65)at com.aia.join.qa.util.WebEventListener.onException(WebEventListener.java:118)at sun.reflect.GeneratedMethodAccessor11.invoke(Unknown Source)at sun.reflect.DelegatingMethodAccessorImpl.invoke(DelegatingMethodAccessorImpl.java:43)at java.lang.reflect.Method.invoke(Method.java:498)at org.openqa.selenium.support.events.EventFiringWebDriver$1.invoke(EventFiringWebDriver.java:86)at com.sun.proxy.$Proxy4.onException(Unknown Source)at org.openqa.selenium.support.events.EventFiringWebDriver$2.invoke(EventFiringWebDriver.java:111)at com.sun.proxy.$Proxy5.getScreenshotAs(Unknown Source)at org.openqa.selenium.support.events.EventFiringWebDriver.getScreenshotAs(EventFiringWebDriver.java:292)at com.aia.join.qa.util.TestUtil.takeScreenshotAtEndOfTest(TestUtil.java:65)at com.aia.join.qa.util.WebEventListener.onException(WebEventListener.java:118)at sun.reflect.GeneratedMethodAccessor11.invoke(Unknown Source)at sun.reflect.DelegatingMethodAccessorImpl.invoke(DelegatingMethodAccessorImpl.java:43)at java.lang.reflect.Method.invoke(Method.java:498)at org.openqa.selenium.support.events.EventFiringWebDriver$1.invoke(EventFiringWebDriver.java:86)at com.sun.proxy.$Proxy4.onException(Unknown Source)at org.openqa.selenium.support.events.EventFiringWebDriver$2.invoke(EventFiringWebDriver.java:111)at com.sun.proxy.$Proxy5.getScreenshotAs(Unknown Source)at org.openqa.selenium.support.events.EventFiringWebDriver.getScreenshotAs(EventFiringWebDriver.java:292)at com.aia.join.qa.util.TestUtil.takeScreenshotAtEndOfTest(TestUtil.java:65)at com.aia.join.qa.util.WebEventListener.onException(WebEventListener.java:118)at sun.reflect.GeneratedMethodAccessor11.invoke(Unknown Source)at sun.reflect.DelegatingMethodAccessorImpl.invoke(DelegatingMethodAccessorImpl.java:43)at java.lang.reflect.Method.invoke(Method.java:498)at org.openqa.selenium.support.events.EventFiringWebDriver$1.invoke(EventFiringWebDriver.java:86)at com.sun.proxy.$Proxy4.onException(Unknown Source)at org.openqa.selenium.support.events.EventFiringWebDriver$2.invoke(EventFiringWebDriver.java:111)at com.sun.proxy.$Proxy5.getScreenshotAs(Unknown Source)at org.openqa.selenium.support.events.EventFiringWebDriver.getScreenshotAs(EventFiringWebDriver.java:292)at com.aia.join.qa.util.TestUtil.takeScreenshotAtEndOfTest(TestUtil.java:65)at com.aia.join.qa.util.WebEventListener.onException(WebEventListener.java:118)at sun.reflect.GeneratedMethodAccessor11.invoke(Unknown Source)at sun.reflect.DelegatingMethodAccessorImpl.invoke(DelegatingMethodAccessorImpl.java:43)at java.lang.reflect.Method.invoke(Method.java:498)at org.openqa.selenium.support.events.EventFiringWebDriver$1.invoke(EventFiringWebDriver.java:86)at com.sun.proxy.$Proxy4.onException(Unknown Source)at org.openqa.selenium.support.events.EventFiringWebDriver$2.invoke(EventFiringWebDriver.java:111)at com.sun.proxy.$Proxy5.getScreenshotAs(Unknown Source)at org.openqa.selenium.support.events.EventFiringWebDriver.getScreenshotAs(EventFiringWebDriver.java:292)at com.aia.join.qa.util.TestUtil.takeScreenshotAtEndOfTest(TestUtil.java:65)at com.aia.join.qa.util.WebEventListener.onException(WebEventListener.java:118)at sun.reflect.GeneratedMethodAccessor11.invoke(Unknown Source)at sun.reflect.DelegatingMethodAccessorImpl.invoke(DelegatingMethodAccessorImpl.java:43)at java.lang.reflect.Method.invoke(Method.java:498)at org.openqa.selenium.support.events.EventFiringWebDriver$1.invoke(EventFiringWebDriver.java:86)at com.sun.proxy.$Proxy4.onException(Unknown Source)at org.openqa.selenium.support.events.EventFiringWebDriver$2.invoke(EventFiringWebDriver.java:111)at com.sun.proxy.$Proxy5.getScreenshotAs(Unknown Source)at org.openqa.selenium.support.events.EventFiringWebDriver.getScreenshotAs(EventFiringWebDriver.java:292)at com.aia.join.qa.util.TestUtil.takeScreenshotAtEndOfTest(TestUtil.java:65)at com.aia.join.qa.util.WebEventListener.onException(WebEventListener.java:118)at sun.reflect.GeneratedMethodAccessor11.invoke(Unknown Source)at sun.reflect.DelegatingMethodAccessorImpl.invoke(DelegatingMethodAccessorImpl.java:43)at java.lang.reflect.Method.invoke(Method.java:498)at org.openqa.selenium.support.events.EventFiringWebDriver$1.invoke(EventFiringWebDriver.java:86)at com.sun.proxy.$Proxy4.onException(Unknown Source)at org.openqa.selenium.support.events.EventFiringWebDriver$2.invoke(EventFiringWebDriver.java:111)at com.sun.proxy.$Proxy5.getScreenshotAs(Unknown Source)at org.openqa.selenium.support.events.EventFiringWebDriver.getScreenshotAs(EventFiringWebDriver.java:292)at com.aia.join.qa.util.TestUtil.takeScreenshotAtEndOfTest(TestUtil.java:65)at com.aia.join.qa.util.WebEventListener.onException(WebEventListener.java:118)at sun.reflect.GeneratedMethodAccessor11.invoke(Unknown Source)at sun.reflect.DelegatingMethodAccessorImpl.invoke(DelegatingMethodAccessorImpl.java:43)at java.lang.reflect.Method.invoke(Method.java:498)at org.openqa.selenium.support.events.EventFiringWebDriver$1.invoke(EventFiringWebDriver.java:86)at com.sun.proxy.$Proxy4.onException(Unknown Source)at org.openqa.selenium.support.events.EventFiringWebDriver$2.invoke(EventFiringWebDriver.java:111)at com.sun.proxy.$Proxy5.getScreenshotAs(Unknown Source)at org.openqa.selenium.support.events.EventFiringWebDriver.getScreenshotAs(EventFiringWebDriver.java:292)at com.aia.join.qa.util.TestUtil.takeScreenshotAtEndOfTest(TestUtil.java:65)at com.aia.join.qa.util.WebEventListener.onException(WebEventListener.java:118)at sun.reflect.GeneratedMethodAccessor11.invoke(Unknown Source)at sun.reflect.DelegatingMethodAccessorImpl.invoke(DelegatingMethodAccessorImpl.java:43)at java.lang.reflect.Method.invoke(Method.java:498)at org.openqa.selenium.support.events.EventFiringWebDriver$1.invoke(EventFiringWebDriver.java:86)at com.sun.proxy.$Proxy4.onException(Unknown Source)at org.openqa.selenium.support.events.EventFiringWebDriver$2.invoke(EventFiringWebDriver.java:111)at com.sun.proxy.$Proxy5.getScreenshotAs(Unknown Source)at org.openqa.selenium.support.events.EventFiringWebDriver.getScreenshotAs(EventFiringWebDriver.java:292)at com.aia.join.qa.util.TestUtil.takeScreenshotAtEndOfTest(TestUtil.java:65)at com.aia.join.qa.util.WebEventListener.onException(WebEventListener.java:118)at sun.reflect.GeneratedMethodAccessor11.invoke(Unknown Source)at sun.reflect.DelegatingMethodAccessorImpl.invoke(DelegatingMethodAccessorImpl.java:43)at java.lang.reflect.Method.invoke(Method.java:498)at org.openqa.selenium.support.events.EventFiringWebDriver$1.invoke(EventFiringWebDriver.java:86)at com.sun.proxy.$Proxy4.onException(Unknown Source)at org.openqa.selenium.support.events.EventFiringWebDriver$2.invoke(EventFiringWebDriver.java:111)at com.sun.proxy.$Proxy5.getScreenshotAs(Unknown Source)at org.openqa.selenium.support.events.EventFiringWebDriver.getScreenshotAs(EventFiringWebDriver.java:292)at com.aia.join.qa.util.TestUtil.takeScreenshotAtEndOfTest(TestUtil.java:65)at com.aia.join.qa.util.WebEventListener.onException(WebEventListener.java:118)at sun.reflect.GeneratedMethodAccessor11.invoke(Unknown Source)at sun.reflect.DelegatingMethodAccessorImpl.invoke(DelegatingMethodAccessorImpl.java:43)at java.lang.reflect.Method.invoke(Method.java:498)at org.openqa.selenium.support.events.EventFiringWebDriver$1.invoke(EventFiringWebDriver.java:86)at com.sun.proxy.$Proxy4.onException(Unknown Source)at org.openqa.selenium.support.events.EventFiringWebDriver$2.invoke(EventFiringWebDriver.java:111)at com.sun.proxy.$Proxy5.getScreenshotAs(Unknown Source)at org.openqa.selenium.support.events.EventFiringWebDriver.getScreenshotAs(EventFiringWebDriver.java:292)at com.aia.join.qa.util.TestUtil.takeScreenshotAtEndOfTest(TestUtil.java:65)at com.aia.join.qa.util.WebEventListener.onException(WebEventListener.java:118)at sun.reflect.GeneratedMethodAccessor11.invoke(Unknown Source)at sun.reflect.DelegatingMethodAccessorImpl.invoke(DelegatingMethodAccessorImpl.java:43)at java.lang.reflect.Method.invoke(Method.java:498)at org.openqa.selenium.support.events.EventFiringWebDriver$1.invoke(EventFiringWebDriver.java:86)at com.sun.proxy.$Proxy4.onException(Unknown Source)at org.openqa.selenium.support.events.EventFiringWebDriver$2.invoke(EventFiringWebDriver.java:111)at com.sun.proxy.$Proxy5.getScreenshotAs(Unknown Source)at org.openqa.selenium.support.events.EventFiringWebDriver.getScreenshotAs(EventFiringWebDriver.java:292)at com.aia.join.qa.util.TestUtil.takeScreenshotAtEndOfTest(TestUtil.java:65)at com.aia.join.qa.util.WebEventListener.onException(WebEventListener.java:118)at sun.reflect.GeneratedMethodAccessor11.invoke(Unknown Source)at sun.reflect.DelegatingMethodAccessorImpl.invoke(DelegatingMethodAccessorImpl.java:43)at java.lang.reflect.Method.invoke(Method.java:498)at org.openqa.selenium.support.events.EventFiringWebDriver$1.invoke(EventFiringWebDriver.java:86)at com.sun.proxy.$Proxy4.onException(Unknown Source)at org.openqa.selenium.support.events.EventFiringWebDriver$2.invoke(EventFiringWebDriver.java:111)at com.sun.proxy.$Proxy5.getScreenshotAs(Unknown Source)at org.openqa.selenium.support.events.EventFiringWebDriver.getScreenshotAs(EventFiringWebDriver.java:292)at com.aia.join.qa.util.TestUtil.takeScreenshotAtEndOfTest(TestUtil.java:65)at com.aia.join.qa.util.WebEventListener.onException(WebEventListener.java:118)at sun.reflect.GeneratedMethodAccessor11.invoke(Unknown Source)at sun.reflect.DelegatingMethodAccessorImpl.invoke(DelegatingMethodAccessorImpl.java:43)at java.lang.reflect.Method.invoke(Method.java:498)at org.openqa.selenium.support.events.EventFiringWebDriver$1.invoke(EventFiringWebDriver.java:86)at com.sun.proxy.$Proxy4.onException(Unknown Source)at org.openqa.selenium.support.events.EventFiringWebDriver$2.invoke(EventFiringWebDriver.java:111)at com.sun.proxy.$Proxy5.getScreenshotAs(Unknown Source)at org.openqa.selenium.support.events.EventFiringWebDriver.getScreenshotAs(EventFiringWebDriver.java:292)at com.aia.join.qa.util.TestUtil.takeScreenshotAtEndOfTest(TestUtil.java:65)at com.aia.join.qa.util.WebEventListener.onException(WebEventListener.java:118)at sun.reflect.GeneratedMethodAccessor11.invoke(Unknown Source)at sun.reflect.DelegatingMethodAccessorImpl.invoke(DelegatingMethodAccessorImpl.java:43)at java.lang.reflect.Method.invoke(Method.java:498)at org.openqa.selenium.support.events.EventFiringWebDriver$1.invoke(EventFiringWebDriver.java:86)at com.sun.proxy.$Proxy4.onException(Unknown Source)at org.openqa.selenium.support.events.EventFiringWebDriver$2.invoke(EventFiringWebDriver.java:111)at com.sun.proxy.$Proxy5.getScreenshotAs(Unknown Source)at org.openqa.selenium.support.events.EventFiringWebDriver.getScreenshotAs(EventFiringWebDriver.java:292)at com.aia.join.qa.util.TestUtil.takeScreenshotAtEndOfTest(TestUtil.java:65)at com.aia.join.qa.util.WebEventListener.onException(WebEventListener.java:118)at sun.reflect.GeneratedMethodAccessor11.invoke(Unknown Source)at sun.reflect.DelegatingMethodAccessorImpl.invoke(DelegatingMethodAccessorImpl.java:43)at java.lang.reflect.Method.invoke(Method.java:498)at org.openqa.selenium.support.events.EventFiringWebDriver$1.invoke(EventFiringWebDriver.java:86)at com.sun.proxy.$Proxy4.onException(Unknown Source)at org.openqa.selenium.support.events.EventFiringWebDriver$2.invoke(EventFiringWebDriver.java:111)at com.sun.proxy.$Proxy5.getScreenshotAs(Unknown Source)at org.openqa.selenium.support.events.EventFiringWebDriver.getScreenshotAs(EventFiringWebDriver.java:292)at com.aia.join.qa.util.TestUtil.takeScreenshotAtEndOfTest(TestUtil.java:65)at com.aia.join.qa.util.WebEventListener.onException(WebEventListener.java:118)at sun.reflect.GeneratedMethodAccessor11.invoke(Unknown Source)at sun.reflect.DelegatingMethodAccessorImpl.invoke(DelegatingMethodAccessorImpl.java:43)at java.lang.reflect.Method.invoke(Method.java:498)at org.openqa.selenium.support.events.EventFiringWebDriver$1.invoke(EventFiringWebDriver.java:86)at com.sun.proxy.$Proxy4.onException(Unknown Source)at org.openqa.selenium.support.events.EventFiringWebDriver$2.invoke(EventFiringWebDriver.java:111)at com.sun.proxy.$Proxy5.getScreenshotAs(Unknown Source)at org.openqa.selenium.support.events.EventFiringWebDriver.getScreenshotAs(EventFiringWebDriver.java:292)at com.aia.join.qa.util.TestUtil.takeScreenshotAtEndOfTest(TestUtil.java:65)at com.aia.join.qa.util.WebEventListener.onException(WebEventListener.java:118)at sun.reflect.GeneratedMethodAccessor11.invoke(Unknown Source)at sun.reflect.DelegatingMethodAccessorImpl.invoke(DelegatingMethodAccessorImpl.java:43)at java.lang.reflect.Method.invoke(Method.java:498)at org.openqa.selenium.support.events.EventFiringWebDriver$1.invoke(EventFiringWebDriver.java:86)at com.sun.proxy.$Proxy4.onException(Unknown Source)at org.openqa.selenium.support.events.EventFiringWebDriver$2.invoke(EventFiringWebDriver.java:111)at com.sun.proxy.$Proxy5.getScreenshotAs(Unknown Source)at org.openqa.selenium.support.events.EventFiringWebDriver.getScreenshotAs(EventFiringWebDriver.java:292)at com.aia.join.qa.util.TestUtil.takeScreenshotAtEndOfTest(TestUtil.java:65)at com.aia.join.qa.util.WebEventListener.onException(WebEventListener.java:118)at sun.reflect.GeneratedMethodAccessor11.invoke(Unknown Source)at sun.reflect.DelegatingMethodAccessorImpl.invoke(DelegatingMethodAccessorImpl.java:43)at java.lang.reflect.Method.invoke(Method.java:498)at org.openqa.selenium.support.events.EventFiringWebDriver$1.invoke(EventFiringWebDriver.java:86)at com.sun.proxy.$Proxy4.onException(Unknown Source)at org.openqa.selenium.support.events.EventFiringWebDriver$2.invoke(EventFiringWebDriver.java:111)at com.sun.proxy.$Proxy5.getScreenshotAs(Unknown Source)at org.openqa.selenium.support.events.EventFiringWebDriver.getScreenshotAs(EventFiringWebDriver.java:292)at com.aia.join.qa.util.TestUtil.takeScreenshotAtEndOfTest(TestUtil.java:65)at com.aia.join.qa.util.WebEventListener.onException(WebEventListener.java:118)at sun.reflect.GeneratedMethodAccessor11.invoke(Unknown Source)at sun.reflect.DelegatingMethodAccessorImpl.invoke(DelegatingMethodAccessorImpl.java:43)at java.lang.reflect.Method.invoke(Method.java:498)at org.openqa.selenium.support.events.EventFiringWebDriver$1.invoke(EventFiringWebDriver.java:86)at com.sun.proxy.$Proxy4.onException(Unknown Source)at org.openqa.selenium.support.events.EventFiringWebDriver$2.invoke(EventFiringWebDriver.java:111)at com.sun.proxy.$Proxy5.getScreenshotAs(Unknown Source)at org.openqa.selenium.support.events.EventFiringWebDriver.getScreenshotAs(EventFiringWebDriver.java:292)at com.aia.join.qa.util.TestUtil.takeScreenshotAtEndOfTest(TestUtil.java:65)at com.aia.join.qa.util.WebEventListener.onException(WebEventListener.java:118)at sun.reflect.GeneratedMethodAccessor11.invoke(Unknown Source)at sun.reflect.DelegatingMethodAccessorImpl.invoke(DelegatingMethodAccessorImpl.java:43)at java.lang.reflect.Method.invoke(Method.java:498)at org.openqa.selenium.support.events.EventFiringWebDriver$1.invoke(EventFiringWebDriver.java:86)at com.sun.proxy.$Proxy4.onException(Unknown Source)at org.openqa.selenium.support.events.EventFiringWebDriver$2.invoke(EventFiringWebDriver.java:111)at com.sun.proxy.$Proxy5.getScreenshotAs(Unknown Source)at org.openqa.selenium.support.events.EventFiringWebDriver.getScreenshotAs(EventFiringWebDriver.java:292)at com.aia.join.qa.util.TestUtil.takeScreenshotAtEndOfTest(TestUtil.java:65)at com.aia.join.qa.util.WebEventListener.onException(WebEventListener.java:118)at sun.reflect.GeneratedMethodAccessor11.invoke(Unknown Source)at sun.reflect.DelegatingMethodAccessorImpl.invoke(DelegatingMethodAccessorImpl.java:43)at java.lang.reflect.Method.invoke(Method.java:498)at org.openqa.selenium.support.events.EventFiringWebDriver$1.invoke(EventFiringWebDriver.java:86)at com.sun.proxy.$Proxy4.onException(Unknown Source)at org.openqa.selenium.support.events.EventFiringWebDriver$2.invoke(EventFiringWebDriver.java:111)at com.sun.proxy.$Proxy5.getScreenshotAs(Unknown Source)at org.openqa.selenium.support.events.EventFiringWebDriver.getScreenshotAs(EventFiringWebDriver.java:292)at com.aia.join.qa.util.TestUtil.takeScreenshotAtEndOfTest(TestUtil.java:65)at com.aia.join.qa.util.WebEventListener.onException(WebEventListener.java:118)at sun.reflect.GeneratedMethodAccessor11.invoke(Unknown Source)at sun.reflect.DelegatingMethodAccessorImpl.invoke(DelegatingMethodAccessorImpl.java:43)at java.lang.reflect.Method.invoke(Method.java:498)at org.openqa.selenium.support.events.EventFiringWebDriver$1.invoke(EventFiringWebDriver.java:86)at com.sun.proxy.$Proxy4.onException(Unknown Source)at org.openqa.selenium.support.events.EventFiringWebDriver$2.invoke(EventFiringWebDriver.java:111)at com.sun.proxy.$Proxy5.getScreenshotAs(Unknown Source)at org.openqa.selenium.support.events.EventFiringWebDriver.getScreenshotAs(EventFiringWebDriver.java:292)at com.aia.join.qa.util.TestUtil.takeScreenshotAtEndOfTest(TestUtil.java:65)at com.aia.join.qa.util.WebEventListener.onException(WebEventListener.java:118)at sun.reflect.GeneratedMethodAccessor11.invoke(Unknown Source)at sun.reflect.DelegatingMethodAccessorImpl.invoke(DelegatingMethodAccessorImpl.java:43)at java.lang.reflect.Method.invoke(Method.java:498)at org.openqa.selenium.support.events.EventFiringWebDriver$1.invoke(EventFiringWebDriver.java:86)at com.sun.proxy.$Proxy4.onException(Unknown Source)at org.openqa.selenium.support.events.EventFiringWebDriver$2.invoke(EventFiringWebDriver.java:111)at com.sun.proxy.$Proxy5.getScreenshotAs(Unknown Source)at org.openqa.selenium.support.events.EventFiringWebDriver.getScreenshotAs(EventFiringWebDriver.java:292)at com.aia.join.qa.util.TestUtil.takeScreenshotAtEndOfTest(TestUtil.java:65)at com.aia.join.qa.util.WebEventListener.onException(WebEventListener.java:118)at sun.reflect.GeneratedMethodAccessor11.invoke(Unknown Source)at sun.reflect.DelegatingMethodAccessorImpl.invoke(DelegatingMethodAccessorImpl.java:43)at java.lang.reflect.Method.invoke(Method.java:498)at org.openqa.selenium.support.events.EventFiringWebDriver$1.invoke(EventFiringWebDriver.java:86)at com.sun.proxy.$Proxy4.onException(Unknown Source)at org.openqa.selenium.support.events.EventFiringWebDriver$2.invoke(EventFiringWebDriver.java:111)at com.sun.proxy.$Proxy5.getScreenshotAs(Unknown Source)at org.openqa.selenium.support.events.EventFiringWebDriver.getScreenshotAs(EventFiringWebDriver.java:292)at com.aia.join.qa.util.TestUtil.takeScreenshotAtEndOfTest(TestUtil.java:65)at com.aia.join.qa.util.WebEventListener.onException(WebEventListener.java:118)at sun.reflect.GeneratedMethodAccessor11.invoke(Unknown Source)at sun.reflect.DelegatingMethodAccessorImpl.invoke(DelegatingMethodAccessorImpl.java:43)at java.lang.reflect.Method.invoke(Method.java:498)at org.openqa.selenium.support.events.EventFiringWebDriver$1.invoke(EventFiringWebDriver.java:86)at com.sun.proxy.$Proxy4.onException(Unknown Source)at org.openqa.selenium.support.events.EventFiringWebDriver$2.invoke(EventFiringWebDriver.java:111)at com.sun.proxy.$Proxy5.getScreenshotAs(Unknown Source)at org.openqa.selenium.support.events.EventFiringWebDriver.getScreenshotAs(EventFiringWebDriver.java:292)at com.aia.join.qa.util.TestUtil.takeScreenshotAtEndOfTest(TestUtil.java:65)at com.aia.join.qa.util.WebEventListener.onException(WebEventListener.java:118)at sun.reflect.GeneratedMethodAccessor11.invoke(Unknown Source)at sun.reflect.DelegatingMethodAccessorImpl.invoke(DelegatingMethodAccessorImpl.java:43)at java.lang.reflect.Method.invoke(Method.java:498)at org.openqa.selenium.support.events.EventFiringWebDriver$1.invoke(EventFiringWebDriver.java:86)at com.sun.proxy.$Proxy4.onException(Unknown Source)at org.openqa.selenium.support.events.EventFiringWebDriver$2.invoke(EventFiringWebDriver.java:111)at com.sun.proxy.$Proxy5.getScreenshotAs(Unknown Source)at org.openqa.selenium.support.events.EventFiringWebDriver.getScreenshotAs(EventFiringWebDriver.java:292)at com.aia.join.qa.util.TestUtil.takeScreenshotAtEndOfTest(TestUtil.java:65)at com.aia.join.qa.util.WebEventListener.onException(WebEventListener.java:118)at sun.reflect.GeneratedMethodAccessor11.invoke(Unknown Source)at sun.reflect.DelegatingMethodAccessorImpl.invoke(DelegatingMethodAccessorImpl.java:43)at java.lang.reflect.Method.invoke(Method.java:498)at org.openqa.selenium.support.events.EventFiringWebDriver$1.invoke(EventFiringWebDriver.java:86)at com.sun.proxy.$Proxy4.onException(Unknown Source)at org.openqa.selenium.support.events.EventFiringWebDriver$2.invoke(EventFiringWebDriver.java:111)at com.sun.proxy.$Proxy5.getScreenshotAs(Unknown Source)at org.openqa.selenium.support.events.EventFiringWebDriver.getScreenshotAs(EventFiringWebDriver.java:292)at com.aia.join.qa.util.TestUtil.takeScreenshotAtEndOfTest(TestUtil.java:65)at com.aia.join.qa.util.WebEventListener.onException(WebEventListener.java:118)at sun.reflect.GeneratedMethodAccessor11.invoke(Unknown Source)at sun.reflect.DelegatingMethodAccessorImpl.invoke(DelegatingMethodAccessorImpl.java:43)at java.lang.reflect.Method.invoke(Method.java:498)at org.openqa.selenium.support.events.EventFiringWebDriver$1.invoke(EventFiringWebDriver.java:86)at com.sun.proxy.$Proxy4.onException(Unknown Source)at org.openqa.selenium.support.events.EventFiringWebDriver$2.invoke(EventFiringWebDriver.java:111)at com.sun.proxy.$Proxy5.getScreenshotAs(Unknown Source)at org.openqa.selenium.support.events.EventFiringWebDriver.getScreenshotAs(EventFiringWebDriver.java:292)at com.aia.join.qa.util.TestUtil.takeScreenshotAtEndOfTest(TestUtil.java:65)at com.aia.join.qa.util.WebEventListener.onException(WebEventListener.java:118)at sun.reflect.GeneratedMethodAccessor11.invoke(Unknown Source)at sun.reflect.DelegatingMethodAccessorImpl.invoke(DelegatingMethodAccessorImpl.java:43)at java.lang.reflect.Method.invoke(Method.java:498)at org.openqa.selenium.support.events.EventFiringWebDriver$1.invoke(EventFiringWebDriver.java:86)at com.sun.proxy.$Proxy4.onException(Unknown Source)at org.openqa.selenium.support.events.EventFiringWebDriver$2.invoke(EventFiringWebDriver.java:111)at com.sun.proxy.$Proxy5.getScreenshotAs(Unknown Source)at org.openqa.selenium.support.events.EventFiringWebDriver.getScreenshotAs(EventFiringWebDriver.java:292)at com.aia.join.qa.util.TestUtil.takeScreenshotAtEndOfTest(TestUtil.java:65)at com.aia.join.qa.util.WebEventListener.onException(WebEventListener.java:118)at sun.reflect.GeneratedMethodAccessor11.invoke(Unknown Source)at sun.reflect.DelegatingMethodAccessorImpl.invoke(DelegatingMethodAccessorImpl.java:43)at java.lang.reflect.Method.invoke(Method.java:498)at org.openqa.selenium.support.events.EventFiringWebDriver$1.invoke(EventFiringWebDriver.java:86)at com.sun.proxy.$Proxy4.onException(Unknown Source)at org.openqa.selenium.support.events.EventFiringWebDriver$2.invoke(EventFiringWebDriver.java:111)at com.sun.proxy.$Proxy5.getScreenshotAs(Unknown Source)at org.openqa.selenium.support.events.EventFiringWebDriver.getScreenshotAs(EventFiringWebDriver.java:292)at com.aia.join.qa.util.TestUtil.takeScreenshotAtEndOfTest(TestUtil.java:65)at com.aia.join.qa.util.WebEventListener.onException(WebEventListener.java:118)at sun.reflect.GeneratedMethodAccessor11.invoke(Unknown Source)at sun.reflect.DelegatingMethodAccessorImpl.invoke(DelegatingMethodAccessorImpl.java:43)at java.lang.reflect.Method.invoke(Method.java:498)at org.openqa.selenium.support.events.EventFiringWebDriver$1.invoke(EventFiringWebDriver.java:86)at com.sun.proxy.$Proxy4.onException(Unknown Source)at org.openqa.selenium.support.events.EventFiringWebDriver$2.invoke(EventFiringWebDriver.java:111)at com.sun.proxy.$Proxy5.getScreenshotAs(Unknown Source)at org.openqa.selenium.support.events.EventFiringWebDriver.getScreenshotAs(EventFiringWebDriver.java:292)at com.aia.join.qa.util.TestUtil.takeScreenshotAtEndOfTest(TestUtil.java:65)at com.aia.join.qa.util.WebEventListener.onException(WebEventListener.java:118)at sun.reflect.GeneratedMethodAccessor11.invoke(Unknown Source)at sun.reflect.DelegatingMethodAccessorImpl.invoke(DelegatingMethodAccessorImpl.java:43)at java.lang.reflect.Method.invoke(Method.java:498)at org.openqa.selenium.support.events.EventFiringWebDriver$1.invoke(EventFiringWebDriver.java:86)at com.sun.proxy.$Proxy4.onException(Unknown Source)at org.openqa.selenium.support.events.EventFiringWebDriver$2.invoke(EventFiringWebDriver.java:111)at com.sun.proxy.$Proxy5.getScreenshotAs(Unknown Source)at org.openqa.selenium.support.events.EventFiringWebDriver.getScreenshotAs(EventFiringWebDriver.java:292)at com.aia.join.qa.util.TestUtil.takeScreenshotAtEndOfTest(TestUtil.java:65)at com.aia.join.qa.util.WebEventListener.onException(WebEventListener.java:118)at sun.reflect.GeneratedMethodAccessor11.invoke(Unknown Source)at sun.reflect.DelegatingMethodAccessorImpl.invoke(DelegatingMethodAccessorImpl.java:43)at java.lang.reflect.Method.invoke(Method.java:498)at org.openqa.selenium.support.events.EventFiringWebDriver$1.invoke(EventFiringWebDriver.java:86)at com.sun.proxy.$Proxy4.onException(Unknown Source)at org.openqa.selenium.support.events.EventFiringWebDriver$2.invoke(EventFiringWebDriver.java:111)at com.sun.proxy.$Proxy5.getScreenshotAs(Unknown Source)at org.openqa.selenium.support.events.EventFiringWebDriver.getScreenshotAs(EventFiringWebDriver.java:292)at com.aia.join.qa.util.TestUtil.takeScreenshotAtEndOfTest(TestUtil.java:65)at com.aia.join.qa.util.WebEventListener.onException(WebEventListener.java:118)at sun.reflect.GeneratedMethodAccessor11.invoke(Unknown Source)at sun.reflect.DelegatingMethodAccessorImpl.invoke(DelegatingMethodAccessorImpl.java:43)at java.lang.reflect.Method.invoke(Method.java:498)at org.openqa.selenium.support.events.EventFiringWebDriver$1.invoke(EventFiringWebDriver.java:86)at com.sun.proxy.$Proxy4.onException(Unknown Source)at org.openqa.selenium.support.events.EventFiringWebDriver$2.invoke(EventFiringWebDriver.java:111)at com.sun.proxy.$Proxy5.getScreenshotAs(Unknown Source)at org.openqa.selenium.support.events.EventFiringWebDriver.getScreenshotAs(EventFiringWebDriver.java:292)at com.aia.join.qa.util.TestUtil.takeScreenshotAtEndOfTest(TestUtil.java:65)at com.aia.join.qa.util.WebEventListener.onException(WebEventListener.java:118)at sun.reflect.GeneratedMethodAccessor11.invoke(Unknown Source)at sun.reflect.DelegatingMethodAccessorImpl.invoke(DelegatingMethodAccessorImpl.java:43)at java.lang.reflect.Method.invoke(Method.java:498)at org.openqa.selenium.support.events.EventFiringWebDriver$1.invoke(EventFiringWebDriver.java:86)at com.sun.proxy.$Proxy4.onException(Unknown Source)at org.openqa.selenium.support.events.EventFiringWebDriver$2.invoke(EventFiringWebDriver.java:111)at com.sun.proxy.$Proxy5.getScreenshotAs(Unknown Source)at org.openqa.selenium.support.events.EventFiringWebDriver.getScreenshotAs(EventFiringWebDriver.java:292)at com.aia.join.qa.util.TestUtil.takeScreenshotAtEndOfTest(TestUtil.java:65)at com.aia.join.qa.util.WebEventListener.onException(WebEventListener.java:118)at sun.reflect.GeneratedMethodAccessor11.invoke(Unknown Source)at sun.reflect.DelegatingMethodAccessorImpl.invoke(DelegatingMethodAccessorImpl.java:43)at java.lang.reflect.Method.invoke(Method.java:498)at org.openqa.selenium.support.events.EventFiringWebDriver$1.invoke(EventFiringWebDriver.java:86)at com.sun.proxy.$Proxy4.onException(Unknown Source)at org.openqa.selenium.support.events.EventFiringWebDriver$2.invoke(EventFiringWebDriver.java:111)at com.sun.proxy.$Proxy5.getScreenshotAs(Unknown Source)at org.openqa.selenium.support.events.EventFiringWebDriver.getScreenshotAs(EventFiringWebDriver.java:292)at com.aia.join.qa.util.TestUtil.takeScreenshotAtEndOfTest(TestUtil.java:65)at com.aia.join.qa.util.WebEventListener.onException(WebEventListener.java:118)at sun.reflect.GeneratedMethodAccessor11.invoke(Unknown Source)at sun.reflect.DelegatingMethodAccessorImpl.invoke(DelegatingMethodAccessorImpl.java:43)at java.lang.reflect.Method.invoke(Method.java:498)at org.openqa.selenium.support.events.EventFiringWebDriver$1.invoke(EventFiringWebDriver.java:86)at com.sun.proxy.$Proxy4.onException(Unknown Source)at org.openqa.selenium.support.events.EventFiringWebDriver$2.invoke(EventFiringWebDriver.java:111)at com.sun.proxy.$Proxy5.getScreenshotAs(Unknown Source)at org.openqa.selenium.support.events.EventFiringWebDriver.getScreenshotAs(EventFiringWebDriver.java:292)at com.aia.join.qa.util.TestUtil.takeScreenshotAtEndOfTest(TestUtil.java:65)at com.aia.join.qa.util.WebEventListener.onException(WebEventListener.java:118)at sun.reflect.GeneratedMethodAccessor11.invoke(Unknown Source)at sun.reflect.DelegatingMethodAccessorImpl.invoke(DelegatingMethodAccessorImpl.java:43)at java.lang.reflect.Method.invoke(Method.java:498)at org.openqa.selenium.support.events.EventFiringWebDriver$1.invoke(EventFiringWebDriver.java:86)at com.sun.proxy.$Proxy4.onException(Unknown Source)at org.openqa.selenium.support.events.EventFiringWebDriver$2.invoke(EventFiringWebDriver.java:111)at com.sun.proxy.$Proxy5.getScreenshotAs(Unknown Source)at org.openqa.selenium.support.events.EventFiringWebDriver.getScreenshotAs(EventFiringWebDriver.java:292)at com.aia.join.qa.util.TestUtil.takeScreenshotAtEndOfTest(TestUtil.java:65)at com.aia.join.qa.util.WebEventListener.onException(WebEventListener.java:118)at sun.reflect.GeneratedMethodAccessor11.invoke(Unknown Source)at sun.reflect.DelegatingMethodAccessorImpl.invoke(DelegatingMethodAccessorImpl.java:43)at java.lang.reflect.Method.invoke(Method.java:498)at org.openqa.selenium.support.events.EventFiringWebDriver$1.invoke(EventFiringWebDriver.java:86)at com.sun.proxy.$Proxy4.onException(Unknown Source)at org.openqa.selenium.support.events.EventFiringWebDriver$2.invoke(EventFiringWebDriver.java:111)at com.sun.proxy.$Proxy5.getScreenshotAs(Unknown Source)at org.openqa.selenium.support.events.EventFiringWebDriver.getScreenshotAs(EventFiringWebDriver.java:292)at com.aia.join.qa.util.TestUtil.takeScreenshotAtEndOfTest(TestUtil.java:65)at com.aia.join.qa.util.WebEventListener.onException(WebEventListener.java:118)at sun.reflect.GeneratedMethodAccessor11.invoke(Unknown Source)at sun.reflect.DelegatingMethodAccessorImpl.invoke(DelegatingMethodAccessorImpl.java:43)at java.lang.reflect.Method.invoke(Method.java:498)at org.openqa.selenium.support.events.EventFiringWebDriver$1.invoke(EventFiringWebDriver.java:86)at com.sun.proxy.$Proxy4.onException(Unknown Source)at org.openqa.selenium.support.events.EventFiringWebDriver$2.invoke(EventFiringWebDriver.java:111)at com.sun.proxy.$Proxy5.getScreenshotAs(Unknown Source)at org.openqa.selenium.support.events.EventFiringWebDriver.getScreenshotAs(EventFiringWebDriver.java:292)at com.aia.join.qa.util.TestUtil.takeScreenshotAtEndOfTest(TestUtil.java:65)at com.aia.join.qa.util.WebEventListener.onException(WebEventListener.java:118)at sun.reflect.GeneratedMethodAccessor11.invoke(Unknown Source)at sun.reflect.DelegatingMethodAccessorImpl.invoke(DelegatingMethodAccessorImpl.java:43)at java.lang.reflect.Method.invoke(Method.java:498)at org.openqa.selenium.support.events.EventFiringWebDriver$1.invoke(EventFiringWebDriver.java:86)at com.sun.proxy.$Proxy4.onException(Unknown Source)at org.openqa.selenium.support.events.EventFiringWebDriver$2.invoke(EventFiringWebDriver.java:111)at com.sun.proxy.$Proxy5.getScreenshotAs(Unknown Source)at org.openqa.selenium.support.events.EventFiringWebDriver.getScreenshotAs(EventFiringWebDriver.java:292)at com.aia.join.qa.util.TestUtil.takeScreenshotAtEndOfTest(TestUtil.java:65)at com.aia.join.qa.util.WebEventListener.onException(WebEventListener.java:118)at sun.reflect.GeneratedMethodAccessor11.invoke(Unknown Source)at sun.reflect.DelegatingMethodAccessorImpl.invoke(DelegatingMethodAccessorImpl.java:43)at java.lang.reflect.Method.invoke(Method.java:498)at org.openqa.selenium.support.events.EventFiringWebDriver$1.invoke(EventFiringWebDriver.java:86)at com.sun.proxy.$Proxy4.onException(Unknown Source)at org.openqa.selenium.support.events.EventFiringWebDriver$2.invoke(EventFiringWebDriver.java:111)at com.sun.proxy.$Proxy5.getScreenshotAs(Unknown Source)at org.openqa.selenium.support.events.EventFiringWebDriver.getScreenshotAs(EventFiringWebDriver.java:292)at com.aia.join.qa.util.TestUtil.takeScreenshotAtEndOfTest(TestUtil.java:65)at com.aia.join.qa.util.WebEventListener.onException(WebEventListener.java:118)at sun.reflect.GeneratedMethodAccessor11.invoke(Unknown Source)at sun.reflect.DelegatingMethodAccessorImpl.invoke(DelegatingMethodAccessorImpl.java:43)at java.lang.reflect.Method.invoke(Method.java:498)at org.openqa.selenium.support.events.EventFiringWebDriver$1.invoke(EventFiringWebDriver.java:86)at com.sun.proxy.$Proxy4.onException(Unknown Source)at org.openqa.selenium.support.events.EventFiringWebDriver$2.invoke(EventFiringWebDriver.java:111)at com.sun.proxy.$Proxy5.getScreenshotAs(Unknown Source)at org.openqa.selenium.support.events.EventFiringWebDriver.getScreenshotAs(EventFiringWebDriver.java:292)at com.aia.join.qa.util.TestUtil.takeScreenshotAtEndOfTest(TestUtil.java:65)at com.aia.join.qa.util.WebEventListener.onException(WebEventListener.java:118)at sun.reflect.GeneratedMethodAccessor11.invoke(Unknown Source)at sun.reflect.DelegatingMethodAccessorImpl.invoke(DelegatingMethodAccessorImpl.java:43)at java.lang.reflect.Method.invoke(Method.java:498)at org.openqa.selenium.support.events.EventFiringWebDriver$1.invoke(EventFiringWebDriver.java:86)at com.sun.proxy.$Proxy4.onException(Unknown Source)at org.openqa.selenium.support.events.EventFiringWebDriver$2.invoke(EventFiringWebDriver.java:111)at com.sun.proxy.$Proxy5.getScreenshotAs(Unknown Source)at org.openqa.selenium.support.events.EventFiringWebDriver.getScreenshotAs(EventFiringWebDriver.java:292)at com.aia.join.qa.util.TestUtil.takeScreenshotAtEndOfTest(TestUtil.java:65)at com.aia.join.qa.util.WebEventListener.onException(WebEventListener.java:118)at sun.reflect.GeneratedMethodAccessor11.invoke(Unknown Source)at sun.reflect.DelegatingMethodAccessorImpl.invoke(DelegatingMethodAccessorImpl.java:43)at java.lang.reflect.Method.invoke(Method.java:498)at org.openqa.selenium.support.events.EventFiringWebDriver$1.invoke(EventFiringWebDriver.java:86)at com.sun.proxy.$Proxy4.onException(Unknown Source)at org.openqa.selenium.support.events.EventFiringWebDriver$2.invoke(EventFiringWebDriver.java:111)at com.sun.proxy.$Proxy5.getScreenshotAs(Unknown Source)at org.openqa.selenium.support.events.EventFiringWebDriver.getScreenshotAs(EventFiringWebDriver.java:292)at com.aia.join.qa.util.TestUtil.takeScreenshotAtEndOfTest(TestUtil.java:65)at com.aia.join.qa.util.WebEventListener.onException(WebEventListener.java:118)at sun.reflect.GeneratedMethodAccessor11.invoke(Unknown Source)at sun.reflect.DelegatingMethodAccessorImpl.invoke(DelegatingMethodAccessorImpl.java:43)at java.lang.reflect.Method.invoke(Method.java:498)at org.openqa.selenium.support.events.EventFiringWebDriver$1.invoke(EventFiringWebDriver.java:86)at com.sun.proxy.$Proxy4.onException(Unknown Source)at org.openqa.selenium.support.events.EventFiringWebDriver$2.invoke(EventFiringWebDriver.java:111)at com.sun.proxy.$Proxy5.getScreenshotAs(Unknown Source)at org.openqa.selenium.support.events.EventFiringWebDriver.getScreenshotAs(EventFiringWebDriver.java:292)at com.aia.join.qa.util.TestUtil.takeScreenshotAtEndOfTest(TestUtil.java:65)at com.aia.join.qa.util.WebEventListener.onException(WebEventListener.java:118)at sun.reflect.GeneratedMethodAccessor11.invoke(Unknown Source)at sun.reflect.DelegatingMethodAccessorImpl.invoke(DelegatingMethodAccessorImpl.java:43)at java.lang.reflect.Method.invoke(Method.java:498)at org.openqa.selenium.support.events.EventFiringWebDriver$1.invoke(EventFiringWebDriver.java:86)at com.sun.proxy.$Proxy4.onException(Unknown Source)at org.openqa.selenium.support.events.EventFiringWebDriver$2.invoke(EventFiringWebDriver.java:111)at com.sun.proxy.$Proxy5.getScreenshotAs(Unknown Source)at org.openqa.selenium.support.events.EventFiringWebDriver.getScreenshotAs(EventFiringWebDriver.java:292)at com.aia.join.qa.util.TestUtil.takeScreenshotAtEndOfTest(TestUtil.java:65)at com.aia.join.qa.util.WebEventListener.onException(WebEventListener.java:118)at sun.reflect.GeneratedMethodAccessor11.invoke(Unknown Source)at sun.reflect.DelegatingMethodAccessorImpl.invoke(DelegatingMethodAccessorImpl.java:43)at java.lang.reflect.Method.invoke(Method.java:498)at org.openqa.selenium.support.events.EventFiringWebDriver$1.invoke(EventFiringWebDriver.java:86)at com.sun.proxy.$Proxy4.onException(Unknown Source)at org.openqa.selenium.support.events.EventFiringWebDriver$2.invoke(EventFiringWebDriver.java:111)at com.sun.proxy.$Proxy5.getScreenshotAs(Unknown Source)at org.openqa.selenium.support.events.EventFiringWebDriver.getScreenshotAs(EventFiringWebDriver.java:292)at com.aia.join.qa.util.TestUtil.takeScreenshotAtEndOfTest(TestUtil.java:65)at com.aia.join.qa.util.WebEventListener.onException(WebEventListener.java:118)at sun.reflect.GeneratedMethodAccessor11.invoke(Unknown Source)at sun.reflect.DelegatingMethodAccessorImpl.invoke(DelegatingMethodAccessorImpl.java:43)at java.lang.reflect.Method.invoke(Method.java:498)at org.openqa.selenium.support.events.EventFiringWebDriver$1.invoke(EventFiringWebDriver.java:86)at com.sun.proxy.$Proxy4.onException(Unknown Source)at org.openqa.selenium.support.events.EventFiringWebDriver$2.invoke(EventFiringWebDriver.java:111)at com.sun.proxy.$Proxy5.getScreenshotAs(Unknown Source)at org.openqa.selenium.support.events.EventFiringWebDriver.getScreenshotAs(EventFiringWebDriver.java:292)at com.aia.join.qa.util.TestUtil.takeScreenshotAtEndOfTest(TestUtil.java:65)at com.aia.join.qa.util.WebEventListener.onException(WebEventListener.java:118)at sun.reflect.GeneratedMethodAccessor11.invoke(Unknown Source)at sun.reflect.DelegatingMethodAccessorImpl.invoke(DelegatingMethodAccessorImpl.java:43)at java.lang.reflect.Method.invoke(Method.java:498)at org.openqa.selenium.support.events.EventFiringWebDriver$1.invoke(EventFiringWebDriver.java:86)at com.sun.proxy.$Proxy4.onException(Unknown Source)at org.openqa.selenium.support.events.EventFiringWebDriver$2.invoke(EventFiringWebDriver.java:111)at com.sun.proxy.$Proxy5.getScreenshotAs(Unknown Source)at org.openqa.selenium.support.events.EventFiringWebDriver.getScreenshotAs(EventFiringWebDriver.java:292)at com.aia.join.qa.util.TestUtil.takeScreenshotAtEndOfTest(TestUtil.java:65)at com.aia.join.qa.util.WebEventListener.onException(WebEventListener.java:118)at sun.reflect.GeneratedMethodAccessor11.invoke(Unknown Source)at sun.reflect.DelegatingMethodAccessorImpl.invoke(DelegatingMethodAccessorImpl.java:43)at java.lang.reflect.Method.invoke(Method.java:498)at org.openqa.selenium.support.events.EventFiringWebDriver$1.invoke(EventFiringWebDriver.java:86)at com.sun.proxy.$Proxy4.onException(Unknown Source)at org.openqa.selenium.support.events.EventFiringWebDriver$2.invoke(EventFiringWebDriver.java:111)at com.sun.proxy.$Proxy5.getScreenshotAs(Unknown Source)at org.openqa.selenium.support.events.EventFiringWebDriver.getScreenshotAs(EventFiringWebDriver.java:292)at com.aia.join.qa.util.TestUtil.takeScreenshotAtEndOfTest(TestUtil.java:65)at com.aia.join.qa.util.WebEventListener.onException(WebEventListener.java:118)at sun.reflect.GeneratedMethodAccessor11.invoke(Unknown Source)at sun.reflect.DelegatingMethodAccessorImpl.invoke(DelegatingMethodAccessorImpl.java:43)at java.lang.reflect.Method.invoke(Method.java:498)at org.openqa.selenium.support.events.EventFiringWebDriver$1.invoke(EventFiringWebDriver.java:86)at com.sun.proxy.$Proxy4.onException(Unknown Source)at org.openqa.selenium.support.events.EventFiringWebDriver$2.invoke(EventFiringWebDriver.java:111)at com.sun.proxy.$Proxy5.getScreenshotAs(Unknown Source)at org.openqa.selenium.support.events.EventFiringWebDriver.getScreenshotAs(EventFiringWebDriver.java:292)at com.aia.join.qa.util.TestUtil.takeScreenshotAtEndOfTest(TestUtil.java:65)at com.aia.join.qa.util.WebEventListener.onException(WebEventListener.java:118)at sun.reflect.GeneratedMethodAccessor11.invoke(Unknown Source)at sun.reflect.DelegatingMethodAccessorImpl.invoke(DelegatingMethodAccessorImpl.java:43)at java.lang.reflect.Method.invoke(Method.java:498)at org.openqa.selenium.support.events.EventFiringWebDriver$1.invoke(EventFiringWebDriver.java:86)at com.sun.proxy.$Proxy4.onException(Unknown Source)at org.openqa.selenium.support.events.EventFiringWebDriver$2.invoke(EventFiringWebDriver.java:111)at com.sun.proxy.$Proxy5.getScreenshotAs(Unknown Source)at org.openqa.selenium.support.events.EventFiringWebDriver.getScreenshotAs(EventFiringWebDriver.java:292)at com.aia.join.qa.util.TestUtil.takeScreenshotAtEndOfTest(TestUtil.java:65)at com.aia.join.qa.util.WebEventListener.onException(WebEventListener.java:118)at sun.reflect.GeneratedMethodAccessor11.invoke(Unknown Source)at sun.reflect.DelegatingMethodAccessorImpl.invoke(DelegatingMethodAccessorImpl.java:43)at java.lang.reflect.Method.invoke(Method.java:498)at org.openqa.selenium.support.events.EventFiringWebDriver$1.invoke(EventFiringWebDriver.java:86)at com.sun.proxy.$Proxy4.onException(Unknown Source)at org.openqa.selenium.support.events.EventFiringWebDriver$2.invoke(EventFiringWebDriver.java:111)at com.sun.proxy.$Proxy5.getScreenshotAs(Unknown Source)at org.openqa.selenium.support.events.EventFiringWebDriver.getScreenshotAs(EventFiringWebDriver.java:292)at com.aia.join.qa.util.TestUtil.takeScreenshotAtEndOfTest(TestUtil.java:65)at com.aia.join.qa.util.WebEventListener.onException(WebEventListener.java:118)at sun.reflect.GeneratedMethodAccessor11.invoke(Unknown Source)at sun.reflect.DelegatingMethodAccessorImpl.invoke(DelegatingMethodAccessorImpl.java:43)at java.lang.reflect.Method.invoke(Method.java:498)at org.openqa.selenium.support.events.EventFiringWebDriver$1.invoke(EventFiringWebDriver.java:86)at com.sun.proxy.$Proxy4.onException(Unknown Source)at org.openqa.selenium.support.events.EventFiringWebDriver$2.invoke(EventFiringWebDriver.java:111)at com.sun.proxy.$Proxy5.getScreenshotAs(Unknown Source)at org.openqa.selenium.support.events.EventFiringWebDriver.getScreenshotAs(EventFiringWebDriver.java:292)at com.aia.join.qa.util.TestUtil.takeScreenshotAtEndOfTest(TestUtil.java:65)at com.aia.join.qa.util.WebEventListener.onException(WebEventListener.java:118)at sun.reflect.GeneratedMethodAccessor11.invoke(Unknown Source)at sun.reflect.DelegatingMethodAccessorImpl.invoke(DelegatingMethodAccessorImpl.java:43)at java.lang.reflect.Method.invoke(Method.java:498)at org.openqa.selenium.support.events.EventFiringWebDriver$1.invoke(EventFiringWebDriver.java:86)at com.sun.proxy.$Proxy4.onException(Unknown Source)at org.openqa.selenium.support.events.EventFiringWebDriver$2.invoke(EventFiringWebDriver.java:111)at com.sun.proxy.$Proxy5.getScreenshotAs(Unknown Source)at org.openqa.selenium.support.events.EventFiringWebDriver.getScreenshotAs(EventFiringWebDriver.java:292)at com.aia.join.qa.util.TestUtil.takeScreenshotAtEndOfTest(TestUtil.java:65)at com.aia.join.qa.util.WebEventListener.onException(WebEventListener.java:118)at sun.reflect.GeneratedMethodAccessor11.invoke(Unknown Source)at sun.reflect.DelegatingMethodAccessorImpl.invoke(DelegatingMethodAccessorImpl.java:43)at java.lang.reflect.Method.invoke(Method.java:498)at org.openqa.selenium.support.events.EventFiringWebDriver$1.invoke(EventFiringWebDriver.java:86)at com.sun.proxy.$Proxy4.onException(Unknown Source)at org.openqa.selenium.support.events.EventFiringWebDriver$2.invoke(EventFiringWebDriver.java:111)at com.sun.proxy.$Proxy5.getScreenshotAs(Unknown Source)at org.openqa.selenium.support.events.EventFiringWebDriver.getScreenshotAs(EventFiringWebDriver.java:292)at com.aia.join.qa.util.TestUtil.takeScreenshotAtEndOfTest(TestUtil.java:65)at com.aia.join.qa.util.WebEventListener.onException(WebEventListener.java:118)at sun.reflect.GeneratedMethodAccessor11.invoke(Unknown Source)at sun.reflect.DelegatingMethodAccessorImpl.invoke(DelegatingMethodAccessorImpl.java:43)at java.lang.reflect.Method.invoke(Method.java:498)at org.openqa.selenium.support.events.EventFiringWebDriver$1.invoke(EventFiringWebDriver.java:86)at com.sun.proxy.$Proxy4.onException(Unknown Source)at org.openqa.selenium.support.events.EventFiringWebDriver$2.invoke(EventFiringWebDriver.java:111)at com.sun.proxy.$Proxy5.getScreenshotAs(Unknown Source)at org.openqa.selenium.support.events.EventFiringWebDriver.getScreenshotAs(EventFiringWebDriver.java:292)at com.aia.join.qa.util.TestUtil.takeScreenshotAtEndOfTest(TestUtil.java:65)at com.aia.join.qa.util.WebEventListener.onException(WebEventListener.java:118)at sun.reflect.GeneratedMethodAccessor11.invoke(Unknown Source)at sun.reflect.DelegatingMethodAccessorImpl.invoke(DelegatingMethodAccessorImpl.java:43)at java.lang.reflect.Method.invoke(Method.java:498)at org.openqa.selenium.support.events.EventFiringWebDriver$1.invoke(EventFiringWebDriver.java:86)at com.sun.proxy.$Proxy4.onException(Unknown Source)at org.openqa.selenium.support.events.EventFiringWebDriver$2.invoke(EventFiringWebDriver.java:111)at com.sun.proxy.$Proxy5.getScreenshotAs(Unknown Source)at org.openqa.selenium.support.events.EventFiringWebDriver.getScreenshotAs(EventFiringWebDriver.java:292)at com.aia.join.qa.util.TestUtil.takeScreenshotAtEndOfTest(TestUtil.java:65)at com.aia.join.qa.util.WebEventListener.onException(WebEventListener.java:118)at sun.reflect.GeneratedMethodAccessor11.invoke(Unknown Source)at sun.reflect.DelegatingMethodAccessorImpl.invoke(DelegatingMethodAccessorImpl.java:43)at java.lang.reflect.Method.invoke(Method.java:498)at org.openqa.selenium.support.events.EventFiringWebDriver$1.invoke(EventFiringWebDriver.java:86)at com.sun.proxy.$Proxy4.onException(Unknown Source)at org.openqa.selenium.support.events.EventFiringWebDriver$2.invoke(EventFiringWebDriver.java:111)at com.sun.proxy.$Proxy5.getScreenshotAs(Unknown Source)at org.openqa.selenium.support.events.EventFiringWebDriver.getScreenshotAs(EventFiringWebDriver.java:292)at com.aia.join.qa.util.TestUtil.takeScreenshotAtEndOfTest(TestUtil.java:65)at com.aia.join.qa.util.WebEventListener.onException(WebEventListener.java:118)at sun.reflect.GeneratedMethodAccessor11.invoke(Unknown Source)at sun.reflect.DelegatingMethodAccessorImpl.invoke(DelegatingMethodAccessorImpl.java:43)at java.lang.reflect.Method.invoke(Method.java:498)at org.openqa.selenium.support.events.EventFiringWebDriver$1.invoke(EventFiringWebDriver.java:86)at com.sun.proxy.$Proxy4.onException(Unknown Source)at org.openqa.selenium.support.events.EventFiringWebDriver$2.invoke(EventFiringWebDriver.java:111)at com.sun.proxy.$Proxy5.getScreenshotAs(Unknown Source)at org.openqa.selenium.support.events.EventFiringWebDriver.getScreenshotAs(EventFiringWebDriver.java:292)at com.aia.join.qa.util.TestUtil.takeScreenshotAtEndOfTest(TestUtil.java:65)at com.aia.join.qa.util.WebEventListener.onException(WebEventListener.java:118)at sun.reflect.GeneratedMethodAccessor11.invoke(Unknown Source)at sun.reflect.DelegatingMethodAccessorImpl.invoke(DelegatingMethodAccessorImpl.java:43)at java.lang.reflect.Method.invoke(Method.java:498)at org.openqa.selenium.support.events.EventFiringWebDriver$1.invoke(EventFiringWebDriver.java:86)at com.sun.proxy.$Proxy4.onException(Unknown Source)at org.openqa.selenium.support.events.EventFiringWebDriver$2.invoke(EventFiringWebDriver.java:111)at com.sun.proxy.$Proxy5.getScreenshotAs(Unknown Source)at org.openqa.selenium.support.events.EventFiringWebDriver.getScreenshotAs(EventFiringWebDriver.java:292)at com.aia.join.qa.util.TestUtil.takeScreenshotAtEndOfTest(TestUtil.java:65)at com.aia.join.qa.util.WebEventListener.onException(WebEventListener.java:118)at sun.reflect.GeneratedMethodAccessor11.invoke(Unknown Source)at sun.reflect.DelegatingMethodAccessorImpl.invoke(DelegatingMethodAccessorImpl.java:43)at java.lang.reflect.Method.invoke(Method.java:498)at org.openqa.selenium.support.events.EventFiringWebDriver$1.invoke(EventFiringWebDriver.java:86)at com.sun.proxy.$Proxy4.onException(Unknown Source)at org.openqa.selenium.support.events.EventFiringWebDriver$2.invoke(EventFiringWebDriver.java:111)at com.sun.proxy.$Proxy5.getScreenshotAs(Unknown Source)at org.openqa.selenium.support.events.EventFiringWebDriver.getScreenshotAs(EventFiringWebDriver.java:292)at com.aia.join.qa.util.TestUtil.takeScreenshotAtEndOfTest(TestUtil.java:65)at com.aia.join.qa.util.WebEventListener.onException(WebEventListener.java:118)at sun.reflect.GeneratedMethodAccessor11.invoke(Unknown Source)at sun.reflect.DelegatingMethodAccessorImpl.invoke(DelegatingMethodAccessorImpl.java:43)at java.lang.reflect.Method.invoke(Method.java:498)at org.openqa.selenium.support.events.EventFiringWebDriver$1.invoke(EventFiringWebDriver.java:86)at com.sun.proxy.$Proxy4.onException(Unknown Source)at org.openqa.selenium.support.events.EventFiringWebDriver$2.invoke(EventFiringWebDriver.java:111)at com.sun.proxy.$Proxy5.getScreenshotAs(Unknown Source)at org.openqa.selenium.support.events.EventFiringWebDriver.getScreenshotAs(EventFiringWebDriver.java:292)at com.aia.join.qa.util.TestUtil.takeScreenshotAtEndOfTest(TestUtil.java:65)at com.aia.join.qa.util.WebEventListener.onException(WebEventListener.java:118)at sun.reflect.GeneratedMethodAccessor11.invoke(Unknown Source)at sun.reflect.DelegatingMethodAccessorImpl.invoke(DelegatingMethodAccessorImpl.java:43)at java.lang.reflect.Method.invoke(Method.java:498)at org.openqa.selenium.support.events.EventFiringWebDriver$1.invoke(EventFiringWebDriver.java:86)at com.sun.proxy.$Proxy4.onException(Unknown Source)at org.openqa.selenium.support.events.EventFiringWebDriver$2.invoke(EventFiringWebDriver.java:111)at com.sun.proxy.$Proxy5.getScreenshotAs(Unknown Source)at org.openqa.selenium.support.events.EventFiringWebDriver.getScreenshotAs(EventFiringWebDriver.java:292)at com.aia.join.qa.util.TestUtil.takeScreenshotAtEndOfTest(TestUtil.java:65)at com.aia.join.qa.util.WebEventListener.onException(WebEventListener.java:118)at sun.reflect.GeneratedMethodAccessor11.invoke(Unknown Source)at sun.reflect.DelegatingMethodAccessorImpl.invoke(DelegatingMethodAccessorImpl.java:43)at java.lang.reflect.Method.invoke(Method.java:498)at org.openqa.selenium.support.events.EventFiringWebDriver$1.invoke(EventFiringWebDriver.java:86)at com.sun.proxy.$Proxy4.onException(Unknown Source)at org.openqa.selenium.support.events.EventFiringWebDriver$2.invoke(EventFiringWebDriver.java:111)at com.sun.proxy.$Proxy5.getScreenshotAs(Unknown Source)at org.openqa.selenium.support.events.EventFiringWebDriver.getScreenshotAs(EventFiringWebDriver.java:292)at com.aia.join.qa.util.TestUtil.takeScreenshotAtEndOfTest(TestUtil.java:65)at com.aia.join.qa.util.WebEventListener.onException(WebEventListener.java:118)at sun.reflect.GeneratedMethodAccessor11.invoke(Unknown Source)at sun.reflect.DelegatingMethodAccessorImpl.invoke(DelegatingMethodAccessorImpl.java:43)at java.lang.reflect.Method.invoke(Method.java:498)at org.openqa.selenium.support.events.EventFiringWebDriver$1.invoke(EventFiringWebDriver.java:86)at com.sun.proxy.$Proxy4.onException(Unknown Source)at org.openqa.selenium.support.events.EventFiringWebDriver$2.invoke(EventFiringWebDriver.java:111)at com.sun.proxy.$Proxy5.getScreenshotAs(Unknown Source)at org.openqa.selenium.support.events.EventFiringWebDriver.getScreenshotAs(EventFiringWebDriver.java:292)at com.aia.join.qa.util.TestUtil.takeScreenshotAtEndOfTest(TestUtil.java:65)at com.aia.join.qa.util.WebEventListener.onException(WebEventListener.java:118)at sun.reflect.GeneratedMethodAccessor11.invoke(Unknown Source)at sun.reflect.DelegatingMethodAccessorImpl.invoke(DelegatingMethodAccessorImpl.java:43)at java.lang.reflect.Method.invoke(Method.java:498)at org.openqa.selenium.support.events.EventFiringWebDriver$1.invoke(EventFiringWebDriver.java:86)at com.sun.proxy.$Proxy4.onException(Unknown Source)at org.openqa.selenium.support.events.EventFiringWebDriver$2.invoke(EventFiringWebDriver.java:111)at com.sun.proxy.$Proxy5.getScreenshotAs(Unknown Source)at org.openqa.selenium.support.events.EventFiringWebDriver.getScreenshotAs(EventFiringWebDriver.java:292)at com.aia.join.qa.util.TestUtil.takeScreenshotAtEndOfTest(TestUtil.java:65)at com.aia.join.qa.util.WebEventListener.onException(WebEventListener.java:118)at sun.reflect.GeneratedMethodAccessor11.invoke(Unknown Source)at sun.reflect.DelegatingMethodAccessorImpl.invoke(DelegatingMethodAccessorImpl.java:43)at java.lang.reflect.Method.invoke(Method.java:498)at org.openqa.selenium.support.events.EventFiringWebDriver$1.invoke(EventFiringWebDriver.java:86)at com.sun.proxy.$Proxy4.onException(Unknown Source)at org.openqa.selenium.support.events.EventFiringWebDriver$2.invoke(EventFiringWebDriver.java:111)at com.sun.proxy.$Proxy5.getScreenshotAs(Unknown Source)at org.openqa.selenium.support.events.EventFiringWebDriver.getScreenshotAs(EventFiringWebDriver.java:292)at com.aia.join.qa.util.TestUtil.takeScreenshotAtEndOfTest(TestUtil.java:65)at com.aia.join.qa.util.WebEventListener.onException(WebEventListener.java:118)at sun.reflect.GeneratedMethodAccessor11.invoke(Unknown Source)at sun.reflect.DelegatingMethodAccessorImpl.invoke(DelegatingMethodAccessorImpl.java:43)at java.lang.reflect.Method.invoke(Method.java:498)at org.openqa.selenium.support.events.EventFiringWebDriver$1.invoke(EventFiringWebDriver.java:86)at com.sun.proxy.$Proxy4.onException(Unknown Source)at org.openqa.selenium.support.events.EventFiringWebDriver$2.invoke(EventFiringWebDriver.java:111)at com.sun.proxy.$Proxy5.getScreenshotAs(Unknown Source)at org.openqa.selenium.support.events.EventFiringWebDriver.getScreenshotAs(EventFiringWebDriver.java:292)at com.aia.join.qa.util.TestUtil.takeScreenshotAtEndOfTest(TestUtil.java:65)at com.aia.join.qa.util.WebEventListener.onException(WebEventListener.java:118)at sun.reflect.GeneratedMethodAccessor11.invoke(Unknown Source)at sun.reflect.DelegatingMethodAccessorImpl.invoke(DelegatingMethodAccessorImpl.java:43)at java.lang.reflect.Method.invoke(Method.java:498)at org.openqa.selenium.support.events.EventFiringWebDriver$1.invoke(EventFiringWebDriver.java:86)at com.sun.proxy.$Proxy4.onException(Unknown Source)at org.openqa.selenium.support.events.EventFiringWebDriver$2.invoke(EventFiringWebDriver.java:111)at com.sun.proxy.$Proxy5.getScreenshotAs(Unknown Source)at org.openqa.selenium.support.events.EventFiringWebDriver.getScreenshotAs(EventFiringWebDriver.java:292)at com.aia.join.qa.util.TestUtil.takeScreenshotAtEndOfTest(TestUtil.java:65)at com.aia.join.qa.util.WebEventListener.onException(WebEventListener.java:118)at sun.reflect.GeneratedMethodAccessor11.invoke(Unknown Source)at sun.reflect.DelegatingMethodAccessorImpl.invoke(DelegatingMethodAccessorImpl.java:43)at java.lang.reflect.Method.invoke(Method.java:498)at org.openqa.selenium.support.events.EventFiringWebDriver$1.invoke(EventFiringWebDriver.java:86)at com.sun.proxy.$Proxy4.onException(Unknown Source)at org.openqa.selenium.support.events.EventFiringWebDriver$2.invoke(EventFiringWebDriver.java:111)at com.sun.proxy.$Proxy5.getScreenshotAs(Unknown Source)at org.openqa.selenium.support.events.EventFiringWebDriver.getScreenshotAs(EventFiringWebDriver.java:292)at com.aia.join.qa.util.TestUtil.takeScreenshotAtEndOfTest(TestUtil.java:65)at com.aia.join.qa.util.WebEventListener.onException(WebEventListener.java:118)at sun.reflect.GeneratedMethodAccessor11.invoke(Unknown Source)at sun.reflect.DelegatingMethodAccessorImpl.invoke(DelegatingMethodAccessorImpl.java:43)at java.lang.reflect.Method.invoke(Method.java:498)at org.openqa.selenium.support.events.EventFiringWebDriver$1.invoke(EventFiringWebDriver.java:86)at com.sun.proxy.$Proxy4.onException(Unknown Source)at org.openqa.selenium.support.events.EventFiringWebDriver$2.invoke(EventFiringWebDriver.java:111)at com.sun.proxy.$Proxy5.getScreenshotAs(Unknown Source)at org.openqa.selenium.support.events.EventFiringWebDriver.getScreenshotAs(EventFiringWebDriver.java:292)at com.aia.join.qa.util.TestUtil.takeScreenshotAtEndOfTest(TestUtil.java:65)at com.aia.join.qa.util.WebEventListener.onException(WebEventListener.java:118)at sun.reflect.GeneratedMethodAccessor11.invoke(Unknown Source)at sun.reflect.DelegatingMethodAccessorImpl.invoke(DelegatingMethodAccessorImpl.java:43)at java.lang.reflect.Method.invoke(Method.java:498)at org.openqa.selenium.support.events.EventFiringWebDriver$1.invoke(EventFiringWebDriver.java:86)at com.sun.proxy.$Proxy4.onException(Unknown Source)at org.openqa.selenium.support.events.EventFiringWebDriver$2.invoke(EventFiringWebDriver.java:111)at com.sun.proxy.$Proxy5.getScreenshotAs(Unknown Source)at org.openqa.selenium.support.events.EventFiringWebDriver.getScreenshotAs(EventFiringWebDriver.java:292)at com.aia.join.qa.util.TestUtil.takeScreenshotAtEndOfTest(TestUtil.java:65)at com.aia.join.qa.util.WebEventListener.onException(WebEventListener.java:118)at sun.reflect.GeneratedMethodAccessor11.invoke(Unknown Source)at sun.reflect.DelegatingMethodAccessorImpl.invoke(DelegatingMethodAccessorImpl.java:43)at java.lang.reflect.Method.invoke(Method.java:498)at org.openqa.selenium.support.events.EventFiringWebDriver$1.invoke(EventFiringWebDriver.java:86)at com.sun.proxy.$Proxy4.onException(Unknown Source)at org.openqa.selenium.support.events.EventFiringWebDriver$2.invoke(EventFiringWebDriver.java:111)at com.sun.proxy.$Proxy5.getScreenshotAs(Unknown Source)at org.openqa.selenium.support.events.EventFiringWebDriver.getScreenshotAs(EventFiringWebDriver.java:292)at com.aia.join.qa.util.TestUtil.takeScreenshotAtEndOfTest(TestUtil.java:65)at com.aia.join.qa.util.WebEventListener.onException(WebEventListener.java:118)at sun.reflect.GeneratedMethodAccessor11.invoke(Unknown Source)at sun.reflect.DelegatingMethodAccessorImpl.invoke(DelegatingMethodAccessorImpl.java:43)at java.lang.reflect.Method.invoke(Method.java:498)at org.openqa.selenium.support.events.EventFiringWebDriver$1.invoke(EventFiringWebDriver.java:86)at com.sun.proxy.$Proxy4.onException(Unknown Source)at org.openqa.selenium.support.events.EventFiringWebDriver$2.invoke(EventFiringWebDriver.java:111)at com.sun.proxy.$Proxy5.getScreenshotAs(Unknown Source)at org.openqa.selenium.support.events.EventFiringWebDriver.getScreenshotAs(EventFiringWebDriver.java:292)at com.aia.join.qa.util.TestUtil.takeScreenshotAtEndOfTest(TestUtil.java:65)at com.aia.join.qa.util.WebEventListener.onException(WebEventListener.java:118)at sun.reflect.GeneratedMethodAccessor11.invoke(Unknown Source)at sun.reflect.DelegatingMethodAccessorImpl.invoke(DelegatingMethodAccessorImpl.java:43)at java.lang.reflect.Method.invoke(Method.java:498)at org.openqa.selenium.support.events.EventFiringWebDriver$1.invoke(EventFiringWebDriver.java:86)at com.sun.proxy.$Proxy4.onException(Unknown Source)at org.openqa.selenium.support.events.EventFiringWebDriver$2.invoke(EventFiringWebDriver.java:111)at com.sun.proxy.$Proxy5.getScreenshotAs(Unknown Source)at org.openqa.selenium.support.events.EventFiringWebDriver.getScreenshotAs(EventFiringWebDriver.java:292)at com.aia.join.qa.util.TestUtil.takeScreenshotAtEndOfTest(TestUtil.java:65)at com.aia.join.qa.util.WebEventListener.onException(WebEventListener.java:118)at sun.reflect.GeneratedMethodAccessor11.invoke(Unknown Source)at sun.reflect.DelegatingMethodAccessorImpl.invoke(DelegatingMethodAccessorImpl.java:43)at java.lang.reflect.Method.invoke(Method.java:498)at org.openqa.selenium.support.events.EventFiringWebDriver$1.invoke(EventFiringWebDriver.java:86)at com.sun.proxy.$Proxy4.onException(Unknown Source)at org.openqa.selenium.support.events.EventFiringWebDriver$2.invoke(EventFiringWebDriver.java:111)at com.sun.proxy.$Proxy5.getScreenshotAs(Unknown Source)at org.openqa.selenium.support.events.EventFiringWebDriver.getScreenshotAs(EventFiringWebDriver.java:292)at com.aia.join.qa.util.TestUtil.takeScreenshotAtEndOfTest(TestUtil.java:65)at com.aia.join.qa.util.WebEventListener.onException(WebEventListener.java:118)at sun.reflect.GeneratedMethodAccessor11.invoke(Unknown Source)at sun.reflect.DelegatingMethodAccessorImpl.invoke(DelegatingMethodAccessorImpl.java:43)at java.lang.reflect.Method.invoke(Method.java:498)at org.openqa.selenium.support.events.EventFiringWebDriver$1.invoke(EventFiringWebDriver.java:86)at com.sun.proxy.$Proxy4.onException(Unknown Source)at org.openqa.selenium.support.events.EventFiringWebDriver$2.invoke(EventFiringWebDriver.java:111)at com.sun.proxy.$Proxy5.getScreenshotAs(Unknown Source)at org.openqa.selenium.support.events.EventFiringWebDriver.getScreenshotAs(EventFiringWebDriver.java:292)at com.aia.join.qa.util.TestUtil.takeScreenshotAtEndOfTest(TestUtil.java:65)at com.aia.join.qa.util.WebEventListener.onException(WebEventListener.java:118)at sun.reflect.GeneratedMethodAccessor11.invoke(Unknown Source)at sun.reflect.DelegatingMethodAccessorImpl.invoke(DelegatingMethodAccessorImpl.java:43)at java.lang.reflect.Method.invoke(Method.java:498)at org.openqa.selenium.support.events.EventFiringWebDriver$1.invoke(EventFiringWebDriver.java:86)at com.sun.proxy.$Proxy4.onException(Unknown Source)at org.openqa.selenium.support.events.EventFiringWebDriver$2.invoke(EventFiringWebDriver.java:111)at com.sun.proxy.$Proxy5.getScreenshotAs(Unknown Source)at org.openqa.selenium.support.events.EventFiringWebDriver.getScreenshotAs(EventFiringWebDriver.java:292)at com.aia.join.qa.util.TestUtil.takeScreenshotAtEndOfTest(TestUtil.java:65)at com.aia.join.qa.util.WebEventListener.onException(WebEventListener.java:118)at sun.reflect.GeneratedMethodAccessor11.invoke(Unknown Source)at sun.reflect.DelegatingMethodAccessorImpl.invoke(DelegatingMethodAccessorImpl.java:43)at java.lang.reflect.Method.invoke(Method.java:498)at org.openqa.selenium.support.events.EventFiringWebDriver$1.invoke(EventFiringWebDriver.java:86)at com.sun.proxy.$Proxy4.onException(Unknown Source)at org.openqa.selenium.support.events.EventFiringWebDriver$2.invoke(EventFiringWebDriver.java:111)at com.sun.proxy.$Proxy5.getScreenshotAs(Unknown Source)at org.openqa.selenium.support.events.EventFiringWebDriver.getScreenshotAs(EventFiringWebDriver.java:292)at com.aia.join.qa.util.TestUtil.takeScreenshotAtEndOfTest(TestUtil.java:65)at com.aia.join.qa.util.WebEventListener.onException(WebEventListener.java:118)at sun.reflect.GeneratedMethodAccessor11.invoke(Unknown Source)at sun.reflect.DelegatingMethodAccessorImpl.invoke(DelegatingMethodAccessorImpl.java:43)at java.lang.reflect.Method.invoke(Method.java:498)at org.openqa.selenium.support.events.EventFiringWebDriver$1.invoke(EventFiringWebDriver.java:86)at com.sun.proxy.$Proxy4.onException(Unknown Source)at org.openqa.selenium.support.events.EventFiringWebDriver$2.invoke(EventFiringWebDriver.java:111)at com.sun.proxy.$Proxy5.getScreenshotAs(Unknown Source)at org.openqa.selenium.support.events.EventFiringWebDriver.getScreenshotAs(EventFiringWebDriver.java:292)at com.aia.join.qa.util.TestUtil.takeScreenshotAtEndOfTest(TestUtil.java:65)at com.aia.join.qa.util.WebEventListener.onException(WebEventListener.java:118)at sun.reflect.GeneratedMethodAccessor11.invoke(Unknown Source)at sun.reflect.DelegatingMethodAccessorImpl.invoke(DelegatingMethodAccessorImpl.java:43)at java.lang.reflect.Method.invoke(Method.java:498)at org.openqa.selenium.support.events.EventFiringWebDriver$1.invoke(EventFiringWebDriver.java:86)at com.sun.proxy.$Proxy4.onException(Unknown Source)at org.openqa.selenium.support.events.EventFiringWebDriver$2.invoke(EventFiringWebDriver.java:111)at com.sun.proxy.$Proxy5.getScreenshotAs(Unknown Source)at org.openqa.selenium.support.events.EventFiringWebDriver.getScreenshotAs(EventFiringWebDriver.java:292)at com.aia.join.qa.util.TestUtil.takeScreenshotAtEndOfTest(TestUtil.java:65)at com.aia.join.qa.util.WebEventListener.onException(WebEventListener.java:118)at sun.reflect.GeneratedMethodAccessor11.invoke(Unknown Source)at sun.reflect.DelegatingMethodAccessorImpl.invoke(DelegatingMethodAccessorImpl.java:43)at java.lang.reflect.Method.invoke(Method.java:498)at org.openqa.selenium.support.events.EventFiringWebDriver$1.invoke(EventFiringWebDriver.java:86)at com.sun.proxy.$Proxy4.onException(Unknown Source)at org.openqa.selenium.support.events.EventFiringWebDriver$2.invoke(EventFiringWebDriver.java:111)at com.sun.proxy.$Proxy5.getScreenshotAs(Unknown Source)at org.openqa.selenium.support.events.EventFiringWebDriver.getScreenshotAs(EventFiringWebDriver.java:292)at com.aia.join.qa.util.TestUtil.takeScreenshotAtEndOfTest(TestUtil.java:65)at com.aia.join.qa.util.WebEventListener.onException(WebEventListener.java:118)at sun.reflect.GeneratedMethodAccessor11.invoke(Unknown Source)at sun.reflect.DelegatingMethodAccessorImpl.invoke(DelegatingMethodAccessorImpl.java:43)at java.lang.reflect.Method.invoke(Method.java:498)at org.openqa.selenium.support.events.EventFiringWebDriver$1.invoke(EventFiringWebDriver.java:86)at com.sun.proxy.$Proxy4.onException(Unknown Source)at org.openqa.selenium.support.events.EventFiringWebDriver$2.invoke(EventFiringWebDriver.java:111)at com.sun.proxy.$Proxy5.getScreenshotAs(Unknown Source)at org.openqa.selenium.support.events.EventFiringWebDriver.getScreenshotAs(EventFiringWebDriver.java:292)at com.aia.join.qa.util.TestUtil.takeScreenshotAtEndOfTest(TestUtil.java:65)at com.aia.join.qa.util.WebEventListener.onException(WebEventListener.java:118)at sun.reflect.GeneratedMethodAccessor11.invoke(Unknown Source)at sun.reflect.DelegatingMethodAccessorImpl.invoke(DelegatingMethodAccessorImpl.java:43)at java.lang.reflect.Method.invoke(Method.java:498)at org.openqa.selenium.support.events.EventFiringWebDriver$1.invoke(EventFiringWebDriver.java:86)at com.sun.proxy.$Proxy4.onException(Unknown Source)at org.openqa.selenium.support.events.EventFiringWebDriver$2.invoke(EventFiringWebDriver.java:111)at com.sun.proxy.$Proxy5.getScreenshotAs(Unknown Source)at org.openqa.selenium.support.events.EventFiringWebDriver.getScreenshotAs(EventFiringWebDriver.java:292)at com.aia.join.qa.util.TestUtil.takeScreenshotAtEndOfTest(TestUtil.java:65)at com.aia.join.qa.util.WebEventListener.onException(WebEventListener.java:118)at sun.reflect.GeneratedMethodAccessor11.invoke(Unknown Source)at sun.reflect.DelegatingMethodAccessorImpl.invoke(DelegatingMethodAccessorImpl.java:43)at java.lang.reflect.Method.invoke(Method.java:498)at org.openqa.selenium.support.events.EventFiringWebDriver$1.invoke(EventFiringWebDriver.java:86)at com.sun.proxy.$Proxy4.onException(Unknown Source)at org.openqa.selenium.support.events.EventFiringWebDriver$2.invoke(EventFiringWebDriver.java:111)at com.sun.proxy.$Proxy5.getScreenshotAs(Unknown Source)at org.openqa.selenium.support.events.EventFiringWebDriver.getScreenshotAs(EventFiringWebDriver.java:292)at com.aia.join.qa.util.TestUtil.takeScreenshotAtEndOfTest(TestUtil.java:65)at com.aia.join.qa.util.WebEventListener.onException(WebEventListener.java:118)at sun.reflect.GeneratedMethodAccessor11.invoke(Unknown Source)at sun.reflect.DelegatingMethodAccessorImpl.invoke(DelegatingMethodAccessorImpl.java:43)at java.lang.reflect.Method.invoke(Method.java:498)at org.openqa.selenium.support.events.EventFiringWebDriver$1.invoke(EventFiringWebDriver.java:86)at com.sun.proxy.$Proxy4.onException(Unknown Source)at org.openqa.selenium.support.events.EventFiringWebDriver$2.invoke(EventFiringWebDriver.java:111)at com.sun.proxy.$Proxy5.getScreenshotAs(Unknown Source)at org.openqa.selenium.support.events.EventFiringWebDriver.getScreenshotAs(EventFiringWebDriver.java:292)at com.aia.join.qa.util.TestUtil.takeScreenshotAtEndOfTest(TestUtil.java:65)at com.aia.join.qa.util.WebEventListener.onException(WebEventListener.java:118)at sun.reflect.GeneratedMethodAccessor11.invoke(Unknown Source)at sun.reflect.DelegatingMethodAccessorImpl.invoke(DelegatingMethodAccessorImpl.java:43)at java.lang.reflect.Method.invoke(Method.java:498)at org.openqa.selenium.support.events.EventFiringWebDriver$1.invoke(EventFiringWebDriver.java:86)at com.sun.proxy.$Proxy4.onException(Unknown Source)at org.openqa.selenium.support.events.EventFiringWebDriver$2.invoke(EventFiringWebDriver.java:111)at com.sun.proxy.$Proxy5.getScreenshotAs(Unknown Source)at org.openqa.selenium.support.events.EventFiringWebDriver.getScreenshotAs(EventFiringWebDriver.java:292)at com.aia.join.qa.util.TestUtil.takeScreenshotAtEndOfTest(TestUtil.java:65)at com.aia.join.qa.util.WebEventListener.onException(WebEventListener.java:118)at sun.reflect.GeneratedMethodAccessor11.invoke(Unknown Source)at sun.reflect.DelegatingMethodAccessorImpl.invoke(DelegatingMethodAccessorImpl.java:43)at java.lang.reflect.Method.invoke(Method.java:498)at org.openqa.selenium.support.events.EventFiringWebDriver$1.invoke(EventFiringWebDriver.java:86)at com.sun.proxy.$Proxy4.onException(Unknown Source)at org.openqa.selenium.support.events.EventFiringWebDriver$2.invoke(EventFiringWebDriver.java:111)at com.sun.proxy.$Proxy5.getScreenshotAs(Unknown Source)at org.openqa.selenium.support.events.EventFiringWebDriver.getScreenshotAs(EventFiringWebDriver.java:292)at com.aia.join.qa.util.TestUtil.takeScreenshotAtEndOfTest(TestUtil.java:65)at com.aia.join.qa.util.WebEventListener.onException(WebEventListener.java:118)at sun.reflect.GeneratedMethodAccessor11.invoke(Unknown Source)at sun.reflect.DelegatingMethodAccessorImpl.invoke(DelegatingMethodAccessorImpl.java:43)at java.lang.reflect.Method.invoke(Method.java:498)at org.openqa.selenium.support.events.EventFiringWebDriver$1.invoke(EventFiringWebDriver.java:86)at com.sun.proxy.$Proxy4.onException(Unknown Source)at org.openqa.selenium.support.events.EventFiringWebDriver$2.invoke(EventFiringWebDriver.java:111)at com.sun.proxy.$Proxy5.getScreenshotAs(Unknown Source)at org.openqa.selenium.support.events.EventFiringWebDriver.getScreenshotAs(EventFiringWebDriver.java:292)at com.aia.join.qa.util.TestUtil.takeScreenshotAtEndOfTest(TestUtil.java:65)at com.aia.join.qa.util.WebEventListener.onException(WebEventListener.java:118)at sun.reflect.GeneratedMethodAccessor11.invoke(Unknown Source)at sun.reflect.DelegatingMethodAccessorImpl.invoke(DelegatingMethodAccessorImpl.java:43)at java.lang.reflect.Method.invoke(Method.java:498)at org.openqa.selenium.support.events.EventFiringWebDriver$1.invoke(EventFiringWebDriver.java:86)at com.sun.proxy.$Proxy4.onException(Unknown Source)at org.openqa.selenium.support.events.EventFiringWebDriver$2.invoke(EventFiringWebDriver.java:111)at com.sun.proxy.$Proxy5.getScreenshotAs(Unknown Source)at org.openqa.selenium.support.events.EventFiringWebDriver.getScreenshotAs(EventFiringWebDriver.java:292)at com.aia.join.qa.util.TestUtil.takeScreenshotAtEndOfTest(TestUtil.java:65)at com.aia.join.qa.util.WebEventListener.onException(WebEventListener.java:118)at sun.reflect.GeneratedMethodAccessor11.invoke(Unknown Source)at sun.reflect.DelegatingMethodAccessorImpl.invoke(DelegatingMethodAccessorImpl.java:43)at java.lang.reflect.Method.invoke(Method.java:498)at org.openqa.selenium.support.events.EventFiringWebDriver$1.invoke(EventFiringWebDriver.java:86)at com.sun.proxy.$Proxy4.onException(Unknown Source)at org.openqa.selenium.support.events.EventFiringWebDriver$2.invoke(EventFiringWebDriver.java:111)at com.sun.proxy.$Proxy5.getScreenshotAs(Unknown Source)at org.openqa.selenium.support.events.EventFiringWebDriver.getScreenshotAs(EventFiringWebDriver.java:292)at com.aia.join.qa.util.TestUtil.takeScreenshotAtEndOfTest(TestUtil.java:65)at com.aia.join.qa.util.WebEventListener.onException(WebEventListener.java:118)at sun.reflect.GeneratedMethodAccessor11.invoke(Unknown Source)at sun.reflect.DelegatingMethodAccessorImpl.invoke(DelegatingMethodAccessorImpl.java:43)at java.lang.reflect.Method.invoke(Method.java:498)at org.openqa.selenium.support.events.EventFiringWebDriver$1.invoke(EventFiringWebDriver.java:86)at com.sun.proxy.$Proxy4.onException(Unknown Source)at org.openqa.selenium.support.events.EventFiringWebDriver$2.invoke(EventFiringWebDriver.java:111)at com.sun.proxy.$Proxy5.getScreenshotAs(Unknown Source)at org.openqa.selenium.support.events.EventFiringWebDriver.getScreenshotAs(EventFiringWebDriver.java:292)at com.aia.join.qa.util.TestUtil.takeScreenshotAtEndOfTest(TestUtil.java:65)at com.aia.join.qa.util.WebEventListener.onException(WebEventListener.java:118)at sun.reflect.GeneratedMethodAccessor11.invoke(Unknown Source)at sun.reflect.DelegatingMethodAccessorImpl.invoke(DelegatingMethodAccessorImpl.java:43)at java.lang.reflect.Method.invoke(Method.java:498)at org.openqa.selenium.support.events.EventFiringWebDriver$1.invoke(EventFiringWebDriver.java:86)at com.sun.proxy.$Proxy4.onException(Unknown Source)at org.openqa.selenium.support.events.EventFiringWebDriver$2.invoke(EventFiringWebDriver.java:111)at com.sun.proxy.$Proxy5.getScreenshotAs(Unknown Source)at org.openqa.selenium.support.events.EventFiringWebDriver.getScreenshotAs(EventFiringWebDriver.java:292)at com.aia.join.qa.util.TestUtil.takeScreenshotAtEndOfTest(TestUtil.java:65)at com.aia.join.qa.util.WebEventListener.onException(WebEventListener.java:118)at sun.reflect.GeneratedMethodAccessor11.invoke(Unknown Source)at sun.reflect.DelegatingMethodAccessorImpl.invoke(DelegatingMethodAccessorImpl.java:43)at java.lang.reflect.Method.invoke(Method.java:498)]]>
            </full-stacktrace>
          </exception> <!-- java.lang.StackOverflowError -->
          <reporter-output>
          </reporter-output>
        </test-method> <!-- getPaymentDetailsFromExcelandEnterData -->
      </class> <!-- com.aia.join.qa.testcases.PaymentInfoPageTest -->
    </test> <!-- Command line test -->
  </suite> <!-- Command line suite -->
</testng-results>
