<?xml version="1.0" encoding="UTF-8"?>
<testng-results skipped="0" failed="0" ignored="0" total="0" passed="0">
  <reporter-output>
  </reporter-output>
  <suite name="FREE CRM Application Test Automation Test Suite" duration-ms="5" started-at="2018-02-05T12:15:29Z" finished-at="2018-02-05T12:15:29Z">
    <groups>
    </groups>
    <test name="AIA JOIN App Test Cases" duration-ms="5" started-at="2018-02-05T12:15:29Z" finished-at="2018-02-05T12:15:29Z">
    </test> <!-- AIA JOIN App Test Cases -->
  </suite> <!-- FREE CRM Application Test Automation Test Suite -->
</testng-results>
